This is pdfTeX, Version 3.141592653-2.6-1.40.27 (MiKTeX 25.4) (preloaded format=pdflatex 2025.10.29)  17 APR 2026 00:40
entering extended mode
 restricted \write18 enabled.
 %&-line parsing enabled.
**./fedya_2.tex
(fedya_2.tex
LaTeX2e <2025-06-01> patch level 1
L3 programming layer <2025-10-09>
! Undefined control sequence.
l.3 \section
            {–ö–æ–º–∞–Ω–¥–Ω–∞—è —á–∞—Å—Ç—å (–ú–∞–ª—ã–µ –∫–æ–ª–µ–±–∞–Ω–∏—è)}
The control sequence at the end of the top line
of your error message was never \def'ed. If you have
misspelled it (e.g., `\hobx'), type `I' and the correct
spelling (e.g., `I\hbox'). Otherwise just continue,
and I'll forget about whatever was undefined.


! LaTeX Error: Unicode character –ö (U+041A)
               not set up for use with LaTeX.

See the LaTeX manual or LaTeX Companion for explanation.
Type  H <return>  for immediate help.
 ...                                              
                                                  
l.3 \section{–ö
               –æ–º–∞–Ω–¥–Ω–∞—è —á–∞—Å—Ç—å (–ú–∞–ª—ã–µ –∫–æ–ª–µ–±–∞–Ω–∏—è)}
You may provide a definition with
\DeclareUnicodeCharacter 


! LaTeX Error: Unicode character –æ (U+043E)
               not set up for use with LaTeX.

See the LaTeX manual or LaTeX Companion for explanation.
Type  H <return>  for immediate help.
 ...                                              
                                                  
l.3 \section{–ö–æ
                 –º–∞–Ω–¥–Ω–∞—è —á–∞—Å—Ç—å (–ú–∞–ª—ã–µ –∫–æ–ª–µ–±–∞–Ω–∏—è)}
You may provide a definition with
\DeclareUnicodeCharacter 


! LaTeX Error: Unicode character –º (U+043C)
               not set up for use with LaTeX.

See the LaTeX manual or LaTeX Companion for explanation.
Type  H <return>  for immediate help.
 ...                                              
                                                  
l.3 \section{–ö–æ–º
                   –∞–Ω–¥–Ω–∞—è —á–∞—Å—Ç—å (–ú–∞–ª—ã–µ –∫–æ–ª–µ–±–∞–Ω–∏—è)}
You may provide a definition with
\DeclareUnicodeCharacter 


! LaTeX Error: Unicode character –∞ (U+0430)
               not set up for use with LaTeX.

See the LaTeX manual or LaTeX Companion for explanation.
Type  H <return>  for immediate help.
 ...                                              
                                                  
l.3 \section{–ö–æ–º–∞
                     –Ω–¥–Ω–∞—è —á–∞—Å—Ç—å (–ú–∞–ª—ã–µ –∫–æ–ª–µ–±–∞–Ω–∏—è)}
You may provide a definition with
\DeclareUnicodeCharacter 


! LaTeX Error: Unicode character –Ω (U+043D)
               not set up for use with LaTeX.

See the LaTeX manual or LaTeX Companion for explanation.
Type  H <return>  for immediate help.
 ...                                              
                                                  
l.3 \section{–ö–æ–º–∞–Ω
                       –¥–Ω–∞—è —á–∞—Å—Ç—å (–ú–∞–ª—ã–µ –∫–æ–ª–µ–±–∞–Ω–∏—è)}
You may provide a definition with
\DeclareUnicodeCharacter 


! LaTeX Error: Unicode character –¥ (U+0434)
               not set up for use with LaTeX.

See the LaTeX manual or LaTeX Companion for explanation.
Type  H <return>  for immediate help.
 ...                                              
                                                  
l.3 \section{–ö–æ–º–∞–Ω–¥
                         –Ω–∞—è —á–∞—Å—Ç—å (–ú–∞–ª—ã–µ –∫–æ–ª–µ–±–∞–Ω–∏—è)}
You may provide a definition with
\DeclareUnicodeCharacter 


! LaTeX Error: Unicode character –Ω (U+043D)
               not set up for use with LaTeX.

See the LaTeX manual or LaTeX Companion for explanation.
Type  H <return>  for immediate help.
 ...                                              
                                                  
l.3 \section{–ö–æ–º–∞–Ω–¥–Ω
                           –∞—è —á–∞—Å—Ç—å (–ú–∞–ª—ã–µ –∫–æ–ª–µ–±–∞–Ω–∏—è)}
You may provide a definition with
\DeclareUnicodeCharacter 


! LaTeX Error: Unicode character –∞ (U+0430)
               not set up for use with LaTeX.

See the LaTeX manual or LaTeX Companion for explanation.
Type  H <return>  for immediate help.
 ...                                              
                                                  
l.3 \section{–ö–æ–º–∞–Ω–¥–Ω–∞
                             —è —á–∞—Å—Ç—å (–ú–∞–ª—ã–µ –∫–æ–ª–µ–±–∞–Ω–∏—è)}
You may provide a definition with
\DeclareUnicodeCharacter 


! LaTeX Error: Unicode character —è (U+044F)
               not set up for use with LaTeX.

See the LaTeX manual or LaTeX Companion for explanation.
Type  H <return>  for immediate help.
 ...                                              
                                                  
l.3 \section{–ö–æ–º–∞–Ω–¥–Ω–∞—è
                                —á–∞—Å—Ç—å (–ú–∞–ª—ã–µ –∫–æ–ª–µ–±–∞–Ω–∏—è)}
You may provide a definition with
\DeclareUnicodeCharacter 


! LaTeX Error: Unicode character —á (U+0447)
               not set up for use with LaTeX.

See the LaTeX manual or LaTeX Companion for explanation.
Type  H <return>  for immediate help.
 ...                                              
                                                  
l.3 \section{–ö–æ–º–∞–Ω–¥–Ω–∞—è —á
                                  –∞—Å—Ç—å (–ú–∞–ª—ã–µ –∫–æ–ª–µ–±–∞–Ω–∏—è)}
You may provide a definition with
\DeclareUnicodeCharacter 


! LaTeX Error: Unicode character –∞ (U+0430)
               not set up for use with LaTeX.

See the LaTeX manual or LaTeX Companion for explanation.
Type  H <return>  for immediate help.
 ...                                              
                                                  
l.3 \section{–ö–æ–º–∞–Ω–¥–Ω–∞—è —á–∞
                                    —Å—Ç—å (–ú–∞–ª—ã–µ –∫–æ–ª–µ–±–∞–Ω–∏—è)}
You may provide a definition with
\DeclareUnicodeCharacter 


! LaTeX Error: Unicode character —Å (U+0441)
               not set up for use with LaTeX.

See the LaTeX manual or LaTeX Companion for explanation.
Type  H <return>  for immediate help.
 ...                                              
                                                  
l.3 \section{–ö–æ–º–∞–Ω–¥–Ω–∞—è —á–∞—Å
                                      —Ç—å (–ú–∞–ª—ã–µ –∫–æ–ª–µ–±–∞–Ω–∏—è)}
You may provide a definition with
\DeclareUnicodeCharacter 


! LaTeX Error: Unicode character —Ç (U+0442)
               not set up for use with LaTeX.

See the LaTeX manual or LaTeX Companion for explanation.
Type  H <return>  for immediate help.
 ...                                              
                                                  
l.3 \section{–ö–æ–º–∞–Ω–¥–Ω–∞—è —á–∞—Å—Ç
                                        —å (–ú–∞–ª—ã–µ –∫–æ–ª–µ–±–∞–Ω–∏—è)}
You may provide a definition with
\DeclareUnicodeCharacter 


! LaTeX Error: Unicode character —å (U+044C)
               not set up for use with LaTeX.

See the LaTeX manual or LaTeX Companion for explanation.
Type  H <return>  for immediate help.
 ...                                              
                                                  
l.3 \section{–ö–æ–º–∞–Ω–¥–Ω–∞—è —á–∞—Å—Ç—å
                                           (–ú–∞–ª—ã–µ –∫–æ–ª–µ–±–∞–Ω–∏—è)}
You may provide a definition with
\DeclareUnicodeCharacter 


! LaTeX Error: Missing \begin{document}.

See the LaTeX manual or LaTeX Companion for explanation.
Type  H <return>  for immediate help.
 ...                                              
                                                  
l.3 \section{–ö–æ–º–∞–Ω–¥–Ω–∞—è —á–∞—Å—Ç—å (
                                            –ú–∞–ª—ã–µ –∫–æ–ª–µ–±–∞–Ω–∏—è)}
You're in trouble here.  Try typing  <return>  to proceed.
If that doesn't work, type  X <return>  to quit.

Missing character: There is no ( in font nullfont!

! LaTeX Error: Unicode character –ú (U+041C)
               not set up for use with LaTeX.

See the LaTeX manual or LaTeX Companion for explanation.
Type  H <return>  for immediate help.
 ...                                              
                                                  
l.3 \section{–ö–æ–º–∞–Ω–¥–Ω–∞—è —á–∞—Å—Ç—å (–ú
                                              –∞–ª—ã–µ –∫–æ–ª–µ–±–∞–Ω–∏—è)}
You may provide a definition with
\DeclareUnicodeCharacter 


! LaTeX Error: Unicode character –∞ (U+0430)
               not set up for use with LaTeX.

See the LaTeX manual or LaTeX Companion for explanation.
Type  H <return>  for immediate help.
 ...                                              
                                                  
l.3 \section{–ö–æ–º–∞–Ω–¥–Ω–∞—è —á–∞—Å—Ç—å (–ú–∞
                                                –ª—ã–µ –∫–æ–ª–µ–±–∞–Ω–∏—è)}
You may provide a definition with
\DeclareUnicodeCharacter 


! LaTeX Error: Unicode character –ª (U+043B)
               not set up for use with LaTeX.

See the LaTeX manual or LaTeX Companion for explanation.
Type  H <return>  for immediate help.
 ...                                              
                                                  
l.3 \section{–ö–æ–º–∞–Ω–¥–Ω–∞—è —á–∞—Å—Ç—å (–ú–∞–ª
                                                  —ã–µ –∫–æ–ª–µ–±–∞–Ω–∏—è)}
You may provide a definition with
\DeclareUnicodeCharacter 


! LaTeX Error: Unicode character —ã (U+044B)
               not set up for use with LaTeX.

See the LaTeX manual or LaTeX Companion for explanation.
Type  H <return>  for immediate help.
 ...                                              
                                                  
l.3 ...ion{–ö–æ–º–∞–Ω–¥–Ω–∞—è —á–∞—Å—Ç—å (–ú–∞–ª—ã
                                                  –µ –∫–æ–ª–µ–±–∞–Ω–∏—è)}
You may provide a definition with
\DeclareUnicodeCharacter 


! LaTeX Error: Unicode character –µ (U+0435)
               not set up for use with LaTeX.

See the LaTeX manual or LaTeX Companion for explanation.
Type  H <return>  for immediate help.
 ...                                              
                                                  
l.3 ...n{–ö–æ–º–∞–Ω–¥–Ω–∞—è —á–∞—Å—Ç—å (–ú–∞–ª—ã–µ
                                                   –∫–æ–ª–µ–±–∞–Ω–∏—è)}
You may provide a definition with
\DeclareUnicodeCharacter 


! LaTeX Error: Unicode character –∫ (U+043A)
               not set up for use with LaTeX.

See the LaTeX manual or LaTeX Companion for explanation.
Type  H <return>  for immediate help.
 ...                                              
                                                  
l.3 ...ö–æ–º–∞–Ω–¥–Ω–∞—è —á–∞—Å—Ç—å (–ú–∞–ª—ã–µ –∫
                                                  –æ–ª–µ–±–∞–Ω–∏—è)}
You may provide a definition with
\DeclareUnicodeCharacter 


! LaTeX Error: Unicode character –æ (U+043E)
               not set up for use with LaTeX.

See the LaTeX manual or LaTeX Companion for explanation.
Type  H <return>  for immediate help.
 ...                                              
                                                  
l.3 ...æ–º–∞–Ω–¥–Ω–∞—è —á–∞—Å—Ç—å (–ú–∞–ª—ã–µ –∫–æ
                                                  –ª–µ–±–∞–Ω–∏—è)}
You may provide a definition with
\DeclareUnicodeCharacter 


! LaTeX Error: Unicode character –ª (U+043B)
               not set up for use with LaTeX.

See the LaTeX manual or LaTeX Companion for explanation.
Type  H <return>  for immediate help.
 ...                                              
                                                  
l.3 ...º–∞–Ω–¥–Ω–∞—è —á–∞—Å—Ç—å (–ú–∞–ª—ã–µ –∫–æ–ª
                                                  –µ–±–∞–Ω–∏—è)}
You may provide a definition with
\DeclareUnicodeCharacter 


! LaTeX Error: Unicode character –µ (U+0435)
               not set up for use with LaTeX.

See the LaTeX manual or LaTeX Companion for explanation.
Type  H <return>  for immediate help.
 ...                                              
                                                  
l.3 ...∞–Ω–¥–Ω–∞—è —á–∞—Å—Ç—å (–ú–∞–ª—ã–µ –∫–æ–ª–µ
                                                  –±–∞–Ω–∏—è)}
You may provide a definition with
\DeclareUnicodeCharacter 


! LaTeX Error: Unicode character –± (U+0431)
               not set up for use with LaTeX.

See the LaTeX manual or LaTeX Companion for explanation.
Type  H <return>  for immediate help.
 ...                                              
                                                  
l.3 ...Ω–¥–Ω–∞—è —á–∞—Å—Ç—å (–ú–∞–ª—ã–µ –∫–æ–ª–µ–±
                                                  –∞–Ω–∏—è)}
You may provide a definition with
\DeclareUnicodeCharacter 


! LaTeX Error: Unicode character –∞ (U+0430)
               not set up for use with LaTeX.

See the LaTeX manual or LaTeX Companion for explanation.
Type  H <return>  for immediate help.
 ...                                              
                                                  
l.3 ...¥–Ω–∞—è —á–∞—Å—Ç—å (–ú–∞–ª—ã–µ –∫–æ–ª–µ–±–∞
                                                  –Ω–∏—è)}
You may provide a definition with
\DeclareUnicodeCharacter 


! LaTeX Error: Unicode character –Ω (U+043D)
               not set up for use with LaTeX.

See the LaTeX manual or LaTeX Companion for explanation.
Type  H <return>  for immediate help.
 ...                                              
                                                  
l.3 ...Ω–∞—è —á–∞—Å—Ç—å (–ú–∞–ª—ã–µ –∫–æ–ª–µ–±–∞–Ω
                                                  –∏—è)}
You may provide a definition with
\DeclareUnicodeCharacter 


! LaTeX Error: Unicode character –∏ (U+0438)
               not set up for use with LaTeX.

See the LaTeX manual or LaTeX Companion for explanation.
Type  H <return>  for immediate help.
 ...                                              
                                                  
l.3 ...∞—è —á–∞—Å—Ç—å (–ú–∞–ª—ã–µ –∫–æ–ª–µ–±–∞–Ω–∏
                                                  —è)}
You may provide a definition with
\DeclareUnicodeCharacter 


! LaTeX Error: Unicode character —è (U+044F)
               not set up for use with LaTeX.

See the LaTeX manual or LaTeX Companion for explanation.
Type  H <return>  for immediate help.
 ...                                              
                                                  
l.3 ...è —á–∞—Å—Ç—å (–ú–∞–ª—ã–µ –∫–æ–ª–µ–±–∞–Ω–∏—è
                                                  )}
You may provide a definition with
\DeclareUnicodeCharacter 

Missing character: There is no ) in font nullfont!
! Undefined control sequence.
l.4 \subsection
               {–Ý–∞—Å—Å—á–µ—Ç—ã –≤–µ–ª–∏—á–∏–Ω}
The control sequence at the end of the top line
of your error message was never \def'ed. If you have
misspelled it (e.g., `\hobx'), type `I' and the correct
spelling (e.g., `I\hbox'). Otherwise just continue,
and I'll forget about whatever was undefined.


! LaTeX Error: Unicode character –Ý (U+0420)
               not set up for use with LaTeX.

See the LaTeX manual or LaTeX Companion for explanation.
Type  H <return>  for immediate help.
 ...                                              
                                                  
l.4 \subsection{–Ý
                  –∞—Å—Å—á–µ—Ç—ã –≤–µ–ª–∏—á–∏–Ω}
You may provide a definition with
\DeclareUnicodeCharacter 


! LaTeX Error: Unicode character –∞ (U+0430)
               not set up for use with LaTeX.

See the LaTeX manual or LaTeX Companion for explanation.
Type  H <return>  for immediate help.
 ...                                              
                                                  
l.4 \subsection{–Ý–∞
                    —Å—Å—á–µ—Ç—ã –≤–µ–ª–∏—á–∏–Ω}
You may provide a definition with
\DeclareUnicodeCharacter 


! LaTeX Error: Unicode character —Å (U+0441)
               not set up for use with LaTeX.

See the LaTeX manual or LaTeX Companion for explanation.
Type  H <return>  for immediate help.
 ...                                              
                                                  
l.4 \subsection{–Ý–∞—Å
                      —Å—á–µ—Ç—ã –≤–µ–ª–∏—á–∏–Ω}
You may provide a definition with
\DeclareUnicodeCharacter 


! LaTeX Error: Unicode character —Å (U+0441)
               not set up for use with LaTeX.

See the LaTeX manual or LaTeX Companion for explanation.
Type  H <return>  for immediate help.
 ...                                              
                                                  
l.4 \subsection{–Ý–∞—Å—Å
                        —á–µ—Ç—ã –≤–µ–ª–∏—á–∏–Ω}
You may provide a definition with
\DeclareUnicodeCharacter 


! LaTeX Error: Unicode character —á (U+0447)
               not set up for use with LaTeX.

See the LaTeX manual or LaTeX Companion for explanation.
Type  H <return>  for immediate help.
 ...                                              
                                                  
l.4 \subsection{–Ý–∞—Å—Å—á
                          –µ—Ç—ã –≤–µ–ª–∏—á–∏–Ω}
You may provide a definition with
\DeclareUnicodeCharacter 


! LaTeX Error: Unicode character –µ (U+0435)
               not set up for use with LaTeX.

See the LaTeX manual or LaTeX Companion for explanation.
Type  H <return>  for immediate help.
 ...                                              
                                                  
l.4 \subsection{–Ý–∞—Å—Å—á–µ
                            —Ç—ã –≤–µ–ª–∏—á–∏–Ω}
You may provide a definition with
\DeclareUnicodeCharacter 


! LaTeX Error: Unicode character —Ç (U+0442)
               not set up for use with LaTeX.

See the LaTeX manual or LaTeX Companion for explanation.
Type  H <return>  for immediate help.
 ...                                              
                                                  
l.4 \subsection{–Ý–∞—Å—Å—á–µ—Ç
                              —ã –≤–µ–ª–∏—á–∏–Ω}
You may provide a definition with
\DeclareUnicodeCharacter 


! LaTeX Error: Unicode character —ã (U+044B)
               not set up for use with LaTeX.

See the LaTeX manual or LaTeX Companion for explanation.
Type  H <return>  for immediate help.
 ...                                              
                                                  
l.4 \subsection{–Ý–∞—Å—Å—á–µ—Ç—ã
                                 –≤–µ–ª–∏—á–∏–Ω}
You may provide a definition with
\DeclareUnicodeCharacter 


! LaTeX Error: Unicode character –≤ (U+0432)
               not set up for use with LaTeX.

See the LaTeX manual or LaTeX Companion for explanation.
Type  H <return>  for immediate help.
 ...                                              
                                                  
l.4 \subsection{–Ý–∞—Å—Å—á–µ—Ç—ã –≤
                                   –µ–ª–∏—á–∏–Ω}
You may provide a definition with
\DeclareUnicodeCharacter 


! LaTeX Error: Unicode character –µ (U+0435)
               not set up for use with LaTeX.

See the LaTeX manual or LaTeX Companion for explanation.
Type  H <return>  for immediate help.
 ...                                              
                                                  
l.4 \subsection{–Ý–∞—Å—Å—á–µ—Ç—ã –≤–µ
                                     –ª–∏—á–∏–Ω}
You may provide a definition with
\DeclareUnicodeCharacter 


! LaTeX Error: Unicode character –ª (U+043B)
               not set up for use with LaTeX.

See the LaTeX manual or LaTeX Companion for explanation.
Type  H <return>  for immediate help.
 ...                                              
                                                  
l.4 \subsection{–Ý–∞—Å—Å—á–µ—Ç—ã –≤–µ–ª
                                       –∏—á–∏–Ω}
You may provide a definition with
\DeclareUnicodeCharacter 


! LaTeX Error: Unicode character –∏ (U+0438)
               not set up for use with LaTeX.

See the LaTeX manual or LaTeX Companion for explanation.
Type  H <return>  for immediate help.
 ...                                              
                                                  
l.4 \subsection{–Ý–∞—Å—Å—á–µ—Ç—ã –≤–µ–ª–∏
                                         —á–∏–Ω}
You may provide a definition with
\DeclareUnicodeCharacter 


! LaTeX Error: Unicode character —á (U+0447)
               not set up for use with LaTeX.

See the LaTeX manual or LaTeX Companion for explanation.
Type  H <return>  for immediate help.
 ...                                              
                                                  
l.4 \subsection{–Ý–∞—Å—Å—á–µ—Ç—ã –≤–µ–ª–∏—á
                                           –∏–Ω}
You may provide a definition with
\DeclareUnicodeCharacter 


! LaTeX Error: Unicode character –∏ (U+0438)
               not set up for use with LaTeX.

See the LaTeX manual or LaTeX Companion for explanation.
Type  H <return>  for immediate help.
 ...                                              
                                                  
l.4 \subsection{–Ý–∞—Å—Å—á–µ—Ç—ã –≤–µ–ª–∏—á–∏
                                             –Ω}
You may provide a definition with
\DeclareUnicodeCharacter 


! LaTeX Error: Unicode character –Ω (U+043D)
               not set up for use with LaTeX.

See the LaTeX manual or LaTeX Companion for explanation.
Type  H <return>  for immediate help.
 ...                                              
                                                  
l.4 \subsection{–Ý–∞—Å—Å—á–µ—Ç—ã –≤–µ–ª–∏—á–∏–Ω
                                               }
You may provide a definition with
\DeclareUnicodeCharacter 


Overfull \hbox (20.0pt too wide) in paragraph at lines 3--5
[]
 []

LaTeX Font Info:    External font `cmex10' loaded for size
(Font)              <7> on input line 5.
LaTeX Font Info:    External font `cmex10' loaded for size
(Font)              <5> on input line 5.

Overfull \hbox (105.19147pt too wide) detected at line 5
\OML/cmm/m/it/10 ! \OT1/cmr/m/n/10 = []; \OML/cmm/m/it/10 ^^R \OT1/cmr/m/n/10 =
 \OML/cmm/m/it/10 ^^R[] \OMS/cmsy/m/n/10 ^^A []\OT1/cmr/m/n/10 (\OML/cmm/m/it/1
0 !t\OT1/cmr/m/n/10 )
 []

! Undefined control sequence.
<argument> \text 
                 {–º}
l.6 \[g = 9,8 \frac{\text{–º}}{\text{—Å}^2}
                                           \]
The control sequence at the end of the top line
of your error message was never \def'ed. If you have
misspelled it (e.g., `\hobx'), type `I' and the correct
spelling (e.g., `I\hbox'). Otherwise just continue,
and I'll forget about whatever was undefined.


! LaTeX Error: Unicode character –º (U+043C)
               not set up for use with LaTeX.

See the LaTeX manual or LaTeX Companion for explanation.
Type  H <return>  for immediate help.
 ...                                              
                                                  
l.6 \[g = 9,8 \frac{\text{–º}}{\text{—Å}^2}
                                           \]
You may provide a definition with
\DeclareUnicodeCharacter 

! Undefined control sequence.
<argument> \text 
                 {—Å}^2
l.6 \[g = 9,8 \frac{\text{–º}}{\text{—Å}^2}
                                           \]
The control sequence at the end of the top line
of your error message was never \def'ed. If you have
misspelled it (e.g., `\hobx'), type `I' and the correct
spelling (e.g., `I\hbox'). Otherwise just continue,
and I'll forget about whatever was undefined.


! LaTeX Error: Unicode character —Å (U+0441)
               not set up for use with LaTeX.

See the LaTeX manual or LaTeX Companion for explanation.
Type  H <return>  for immediate help.
 ...                                              
                                                  
l.6 \[g = 9,8 \frac{\text{–º}}{\text{—Å}^2}
                                           \]
You may provide a definition with
\DeclareUnicodeCharacter 


Overfull \hbox (39.79225pt too wide) detected at line 6
\OML/cmm/m/it/10 g \OT1/cmr/m/n/10 = 9\OML/cmm/m/it/10 ; \OT1/cmr/m/n/10 8[]
 []

! Undefined control sequence.
l.7 \[\text
           {L} = 0,25 \text{ –º}\]
The control sequence at the end of the top line
of your error message was never \def'ed. If you have
misspelled it (e.g., `\hobx'), type `I' and the correct
spelling (e.g., `I\hbox'). Otherwise just continue,
and I'll forget about whatever was undefined.

! Undefined control sequence.
l.7 \[\text{L} = 0,25 \text
                           { –º}\]
The control sequence at the end of the top line
of your error message was never \def'ed. If you have
misspelled it (e.g., `\hobx'), type `I' and the correct
spelling (e.g., `I\hbox'). Otherwise just continue,
and I'll forget about whatever was undefined.


! LaTeX Error: Unicode character –º (U+043C)
               not set up for use with LaTeX.

See the LaTeX manual or LaTeX Companion for explanation.
Type  H <return>  for immediate help.
 ...                                              
                                                  
l.7 \[\text{L} = 0,25 \text{ –º
                               }\]
You may provide a definition with
\DeclareUnicodeCharacter 


Overfull \hbox (39.58325pt too wide) detected at line 7
\OML/cmm/m/it/10 L \OT1/cmr/m/n/10 = 0\OML/cmm/m/it/10 ; \OT1/cmr/m/n/10 25[]
 []

! Undefined control sequence.
l.8 \[\omega \approx 6,02464 \text
                                  { —Ä–∞–¥/—Å}\]
The control sequence at the end of the top line
of your error message was never \def'ed. If you have
misspelled it (e.g., `\hobx'), type `I' and the correct
spelling (e.g., `I\hbox'). Otherwise just continue,
and I'll forget about whatever was undefined.


! LaTeX Error: Unicode character —Ä (U+0440)
               not set up for use with LaTeX.

See the LaTeX manual or LaTeX Companion for explanation.
Type  H <return>  for immediate help.
 ...                                              
                                                  
l.8 \[\omega \approx 6,02464 \text{ —Ä
                                      –∞–¥/—Å}\]
You may provide a definition with
\DeclareUnicodeCharacter 


! LaTeX Error: Unicode character –∞ (U+0430)
               not set up for use with LaTeX.

See the LaTeX manual or LaTeX Companion for explanation.
Type  H <return>  for immediate help.
 ...                                              
                                                  
l.8 \[\omega \approx 6,02464 \text{ —Ä–∞
                                        –¥/—Å}\]
You may provide a definition with
\DeclareUnicodeCharacter 


! LaTeX Error: Unicode character –¥ (U+0434)
               not set up for use with LaTeX.

See the LaTeX manual or LaTeX Companion for explanation.
Type  H <return>  for immediate help.
 ...                                              
                                                  
l.8 \[\omega \approx 6,02464 \text{ —Ä–∞–¥
                                          /—Å}\]
You may provide a definition with
\DeclareUnicodeCharacter 


! LaTeX Error: Unicode character —Å (U+0441)
               not set up for use with LaTeX.

See the LaTeX manual or LaTeX Companion for explanation.
Type  H <return>  for immediate help.
 ...                                              
                                                  
l.8 \[\omega \approx 6,02464 \text{ —Ä–∞–¥/—Å
                                             }\]
You may provide a definition with
\DeclareUnicodeCharacter 


Overfull \hbox (59.36105pt too wide) detected at line 8
\OML/cmm/m/it/10 ! \OMS/cmsy/m/n/10 ^^Y \OT1/cmr/m/n/10 6\OML/cmm/m/it/10 ; \OT
1/cmr/m/n/10 02464\OML/cmm/m/it/10 =
 []

! Undefined control sequence.
l.9 \[\text
           {T} = \frac{2\pi}{\omega} = 2\pi\sqrt{\frac{L}{g}} \approx 1.0035...
The control sequence at the end of the top line
of your error message was never \def'ed. If you have
misspelled it (e.g., `\hobx'), type `I' and the correct
spelling (e.g., `I\hbox'). Otherwise just continue,
and I'll forget about whatever was undefined.


Overfull \hbox (158.06155pt too wide) detected at line 9
\OML/cmm/m/it/10 T \OT1/cmr/m/n/10 = [] = 2\OML/cmm/m/it/10 ^^Y[] \OMS/cmsy/m/n
/10 ^^Y \OT1/cmr/m/n/10 1\OML/cmm/m/it/10 :\OT1/cmr/m/n/10 00354496158\OML/cmm/
m/it/10 c
 []

! Undefined control sequence.
l.11 \subsection
                {–¢–∞–±–ª–∏—Ü–∞ —ç–∫—Å–ø–µ—Ä–µ–º–µ–Ω—Ç–∞–ª—å–Ω—ã—Ö –∑–Ω–∞—á–...
The control sequence at the end of the top line
of your error message was never \def'ed. If you have
misspelled it (e.g., `\hobx'), type `I' and the correct
spelling (e.g., `I\hbox'). Otherwise just continue,
and I'll forget about whatever was undefined.


! LaTeX Error: Unicode character –¢ (U+0422)
               not set up for use with LaTeX.

See the LaTeX manual or LaTeX Companion for explanation.
Type  H <return>  for immediate help.
 ...                                              
                                                  
l.11 \subsection{–¢
                   –∞–±–ª–∏—Ü–∞ —ç–∫—Å–ø–µ—Ä–µ–º–µ–Ω—Ç–∞–ª—å–Ω—ã—Ö –∑–Ω–∞—á–...

You may provide a definition with
\DeclareUnicodeCharacter 


! LaTeX Error: Unicode character –∞ (U+0430)
               not set up for use with LaTeX.

See the LaTeX manual or LaTeX Companion for explanation.
Type  H <return>  for immediate help.
 ...                                              
                                                  
l.11 \subsection{–¢–∞
                     –±–ª–∏—Ü–∞ —ç–∫—Å–ø–µ—Ä–µ–º–µ–Ω—Ç–∞–ª—å–Ω—ã—Ö –∑–Ω–∞—á–...

You may provide a definition with
\DeclareUnicodeCharacter 


! LaTeX Error: Unicode character –± (U+0431)
               not set up for use with LaTeX.

See the LaTeX manual or LaTeX Companion for explanation.
Type  H <return>  for immediate help.
 ...                                              
                                                  
l.11 \subsection{–¢–∞–±
                       –ª–∏—Ü–∞ —ç–∫—Å–ø–µ—Ä–µ–º–µ–Ω—Ç–∞–ª—å–Ω—ã—Ö –∑–Ω–∞—á–...

You may provide a definition with
\DeclareUnicodeCharacter 


! LaTeX Error: Unicode character –ª (U+043B)
               not set up for use with LaTeX.

See the LaTeX manual or LaTeX Companion for explanation.
Type  H <return>  for immediate help.
 ...                                              
                                                  
l.11 \subsection{–¢–∞–±–ª
                         –∏—Ü–∞ —ç–∫—Å–ø–µ—Ä–µ–º–µ–Ω—Ç–∞–ª—å–Ω—ã—Ö –∑–Ω–∞—á–...

You may provide a definition with
\DeclareUnicodeCharacter 


! LaTeX Error: Unicode character –∏ (U+0438)
               not set up for use with LaTeX.

See the LaTeX manual or LaTeX Companion for explanation.
Type  H <return>  for immediate help.
 ...                                              
                                                  
l.11 \subsection{–¢–∞–±–ª–∏
                           —Ü–∞ —ç–∫—Å–ø–µ—Ä–µ–º–µ–Ω—Ç–∞–ª—å–Ω—ã—Ö –∑–Ω–∞—á–...

You may provide a definition with
\DeclareUnicodeCharacter 


! LaTeX Error: Unicode character —Ü (U+0446)
               not set up for use with LaTeX.

See the LaTeX manual or LaTeX Companion for explanation.
Type  H <return>  for immediate help.
 ...                                              
                                                  
l.11 \subsection{–¢–∞–±–ª–∏—Ü
                             –∞ —ç–∫—Å–ø–µ—Ä–µ–º–µ–Ω—Ç–∞–ª—å–Ω—ã—Ö –∑–Ω–∞—á–...

You may provide a definition with
\DeclareUnicodeCharacter 


! LaTeX Error: Unicode character –∞ (U+0430)
               not set up for use with LaTeX.

See the LaTeX manual or LaTeX Companion for explanation.
Type  H <return>  for immediate help.
 ...                                              
                                                  
l.11 \subsection{–¢–∞–±–ª–∏—Ü–∞
                                —ç–∫—Å–ø–µ—Ä–µ–º–µ–Ω—Ç–∞–ª—å–Ω—ã—Ö –∑–Ω–∞—á–...

You may provide a definition with
\DeclareUnicodeCharacter 


! LaTeX Error: Unicode character —ç (U+044D)
               not set up for use with LaTeX.

See the LaTeX manual or LaTeX Companion for explanation.
Type  H <return>  for immediate help.
 ...                                              
                                                  
l.11 \subsection{–¢–∞–±–ª–∏—Ü–∞ —ç
                                  –∫—Å–ø–µ—Ä–µ–º–µ–Ω—Ç–∞–ª—å–Ω—ã—Ö –∑–Ω–∞—á–...

You may provide a definition with
\DeclareUnicodeCharacter 


! LaTeX Error: Unicode character –∫ (U+043A)
               not set up for use with LaTeX.

See the LaTeX manual or LaTeX Companion for explanation.
Type  H <return>  for immediate help.
 ...                                              
                                                  
l.11 \subsection{–¢–∞–±–ª–∏—Ü–∞ —ç–∫
                                    —Å–ø–µ—Ä–µ–º–µ–Ω—Ç–∞–ª—å–Ω—ã—Ö –∑–Ω–∞—á–...

You may provide a definition with
\DeclareUnicodeCharacter 


! LaTeX Error: Unicode character —Å (U+0441)
               not set up for use with LaTeX.

See the LaTeX manual or LaTeX Companion for explanation.
Type  H <return>  for immediate help.
 ...                                              
                                                  
l.11 \subsection{–¢–∞–±–ª–∏—Ü–∞ —ç–∫—Å
                                      –ø–µ—Ä–µ–º–µ–Ω—Ç–∞–ª—å–Ω—ã—Ö –∑–Ω–∞—á–...

You may provide a definition with
\DeclareUnicodeCharacter 


! LaTeX Error: Unicode character –ø (U+043F)
               not set up for use with LaTeX.

See the LaTeX manual or LaTeX Companion for explanation.
Type  H <return>  for immediate help.
 ...                                              
                                                  
l.11 \subsection{–¢–∞–±–ª–∏—Ü–∞ —ç–∫—Å–ø
                                        –µ—Ä–µ–º–µ–Ω—Ç–∞–ª—å–Ω—ã—Ö –∑–Ω–∞—á–...

You may provide a definition with
\DeclareUnicodeCharacter 


! LaTeX Error: Unicode character –µ (U+0435)
               not set up for use with LaTeX.

See the LaTeX manual or LaTeX Companion for explanation.
Type  H <return>  for immediate help.
 ...                                              
                                                  
l.11 \subsection{–¢–∞–±–ª–∏—Ü–∞ —ç–∫—Å–ø–µ
                                          —Ä–µ–º–µ–Ω—Ç–∞–ª—å–Ω—ã—Ö –∑–Ω–∞—á–...

You may provide a definition with
\DeclareUnicodeCharacter 


! LaTeX Error: Unicode character —Ä (U+0440)
               not set up for use with LaTeX.

See the LaTeX manual or LaTeX Companion for explanation.
Type  H <return>  for immediate help.
 ...                                              
                                                  
l.11 \subsection{–¢–∞–±–ª–∏—Ü–∞ —ç–∫—Å–ø–µ—Ä
                                            –µ–º–µ–Ω—Ç–∞–ª—å–Ω—ã—Ö –∑–Ω–∞—á–...

You may provide a definition with
\DeclareUnicodeCharacter 


! LaTeX Error: Unicode character –µ (U+0435)
               not set up for use with LaTeX.

See the LaTeX manual or LaTeX Companion for explanation.
Type  H <return>  for immediate help.
 ...                                              
                                                  
l.11 \subsection{–¢–∞–±–ª–∏—Ü–∞ —ç–∫—Å–ø–µ—Ä–µ
                                              –º–µ–Ω—Ç–∞–ª—å–Ω—ã—Ö –∑–Ω–∞—á–...

You may provide a definition with
\DeclareUnicodeCharacter 


! LaTeX Error: Unicode character –º (U+043C)
               not set up for use with LaTeX.

See the LaTeX manual or LaTeX Companion for explanation.
Type  H <return>  for immediate help.
 ...                                              
                                                  
l.11 \subsection{–¢–∞–±–ª–∏—Ü–∞ —ç–∫—Å–ø–µ—Ä–µ–º
                                                –µ–Ω—Ç–∞–ª—å–Ω—ã—Ö –∑–Ω–∞—á–...

You may provide a definition with
\DeclareUnicodeCharacter 


! LaTeX Error: Unicode character –µ (U+0435)
               not set up for use with LaTeX.

See the LaTeX manual or LaTeX Companion for explanation.
Type  H <return>  for immediate help.
 ...                                              
                                                  
l.11 \subsection{–¢–∞–±–ª–∏—Ü–∞ —ç–∫—Å–ø–µ—Ä–µ–º–µ
                                                  –Ω—Ç–∞–ª—å–Ω—ã—Ö –∑–Ω–∞—á–...

You may provide a definition with
\DeclareUnicodeCharacter 


! LaTeX Error: Unicode character –Ω (U+043D)
               not set up for use with LaTeX.

See the LaTeX manual or LaTeX Companion for explanation.
Type  H <return>  for immediate help.
 ...                                              
                                                  
l.11 ...ection{–¢–∞–±–ª–∏—Ü–∞ —ç–∫—Å–ø–µ—Ä–µ–º–µ–Ω
                                                  —Ç–∞–ª—å–Ω—ã—Ö –∑–Ω–∞—á–µ–...

You may provide a definition with
\DeclareUnicodeCharacter 


! LaTeX Error: Unicode character —Ç (U+0442)
               not set up for use with LaTeX.

See the LaTeX manual or LaTeX Companion for explanation.
Type  H <return>  for immediate help.
 ...                                              
                                                  
l.11 ...tion{–¢–∞–±–ª–∏—Ü–∞ —ç–∫—Å–ø–µ—Ä–µ–º–µ–Ω—Ç
                                                  –∞–ª—å–Ω—ã—Ö –∑–Ω–∞—á–µ–Ω–...

You may provide a definition with
\DeclareUnicodeCharacter 


! LaTeX Error: Unicode character –∞ (U+0430)
               not set up for use with LaTeX.

See the LaTeX manual or LaTeX Companion for explanation.
Type  H <return>  for immediate help.
 ...                                              
                                                  
l.11 ...on{–¢–∞–±–ª–∏—Ü–∞ —ç–∫—Å–ø–µ—Ä–µ–º–µ–Ω—Ç–∞
                                                  –ª—å–Ω—ã—Ö –∑–Ω–∞—á–µ–Ω–∏–π}
You may provide a definition with
\DeclareUnicodeCharacter 


! LaTeX Error: Unicode character –ª (U+043B)
               not set up for use with LaTeX.

See the LaTeX manual or LaTeX Companion for explanation.
Type  H <return>  for immediate help.
 ...                                              
                                                  
l.11 ...{–¢–∞–±–ª–∏—Ü–∞ —ç–∫—Å–ø–µ—Ä–µ–º–µ–Ω—Ç–∞–ª
                                                  —å–Ω—ã—Ö –∑–Ω–∞—á–µ–Ω–∏–π}
You may provide a definition with
\DeclareUnicodeCharacter 


! LaTeX Error: Unicode character —å (U+044C)
               not set up for use with LaTeX.

See the LaTeX manual or LaTeX Companion for explanation.
Type  H <return>  for immediate help.
 ...                                              
                                                  
l.11 ...¢–∞–±–ª–∏—Ü–∞ —ç–∫—Å–ø–µ—Ä–µ–º–µ–Ω—Ç–∞–ª—å
                                                  –Ω—ã—Ö –∑–Ω–∞—á–µ–Ω–∏–π}
You may provide a definition with
\DeclareUnicodeCharacter 


! LaTeX Error: Unicode character –Ω (U+043D)
               not set up for use with LaTeX.

See the LaTeX manual or LaTeX Companion for explanation.
Type  H <return>  for immediate help.
 ...                                              
                                                  
l.11 ...∞–±–ª–∏—Ü–∞ —ç–∫—Å–ø–µ—Ä–µ–º–µ–Ω—Ç–∞–ª—å–Ω
                                                  —ã—Ö –∑–Ω–∞—á–µ–Ω–∏–π}
You may provide a definition with
\DeclareUnicodeCharacter 


! LaTeX Error: Unicode character —ã (U+044B)
               not set up for use with LaTeX.

See the LaTeX manual or LaTeX Companion for explanation.
Type  H <return>  for immediate help.
 ...                                              
                                                  
l.11 ...±–ª–∏—Ü–∞ —ç–∫—Å–ø–µ—Ä–µ–º–µ–Ω—Ç–∞–ª—å–Ω—ã
                                                  —Ö –∑–Ω–∞—á–µ–Ω–∏–π}
You may provide a definition with
\DeclareUnicodeCharacter 


! LaTeX Error: Unicode character —Ö (U+0445)
               not set up for use with LaTeX.

See the LaTeX manual or LaTeX Companion for explanation.
Type  H <return>  for immediate help.
 ...                                              
                                                  
l.11 ...ª–∏—Ü–∞ —ç–∫—Å–ø–µ—Ä–µ–º–µ–Ω—Ç–∞–ª—å–Ω—ã—Ö
                                                   –∑–Ω–∞—á–µ–Ω–∏–π}
You may provide a definition with
\DeclareUnicodeCharacter 


! LaTeX Error: Unicode character –∑ (U+0437)
               not set up for use with LaTeX.

See the LaTeX manual or LaTeX Companion for explanation.
Type  H <return>  for immediate help.
 ...                                              
                                                  
l.11 ...—Ü–∞ —ç–∫—Å–ø–µ—Ä–µ–º–µ–Ω—Ç–∞–ª—å–Ω—ã—Ö –∑
                                                  –Ω–∞—á–µ–Ω–∏–π}
You may provide a definition with
\DeclareUnicodeCharacter 


! LaTeX Error: Unicode character –Ω (U+043D)
               not set up for use with LaTeX.

See the LaTeX manual or LaTeX Companion for explanation.
Type  H <return>  for immediate help.
 ...                                              
                                                  
l.11 ...–∞ —ç–∫—Å–ø–µ—Ä–µ–º–µ–Ω—Ç–∞–ª—å–Ω—ã—Ö –∑–Ω
                                                  –∞—á–µ–Ω–∏–π}
You may provide a definition with
\DeclareUnicodeCharacter 


! LaTeX Error: Unicode character –∞ (U+0430)
               not set up for use with LaTeX.

See the LaTeX manual or LaTeX Companion for explanation.
Type  H <return>  for immediate help.
 ...                                              
                                                  
l.11 ... —ç–∫—Å–ø–µ—Ä–µ–º–µ–Ω—Ç–∞–ª—å–Ω—ã—Ö –∑–Ω–∞
                                                  —á–µ–Ω–∏–π}
You may provide a definition with
\DeclareUnicodeCharacter 


! LaTeX Error: Unicode character —á (U+0447)
               not set up for use with LaTeX.

See the LaTeX manual or LaTeX Companion for explanation.
Type  H <return>  for immediate help.
 ...                                              
                                                  
l.11 ...ç–∫—Å–ø–µ—Ä–µ–º–µ–Ω—Ç–∞–ª—å–Ω—ã—Ö –∑–Ω–∞—á
                                                  –µ–Ω–∏–π}
You may provide a definition with
\DeclareUnicodeCharacter 


! LaTeX Error: Unicode character –µ (U+0435)
               not set up for use with LaTeX.

See the LaTeX manual or LaTeX Companion for explanation.
Type  H <return>  for immediate help.
 ...                                              
                                                  
l.11 ...∫—Å–ø–µ—Ä–µ–º–µ–Ω—Ç–∞–ª—å–Ω—ã—Ö –∑–Ω–∞—á–µ
                                                  –Ω–∏–π}
You may provide a definition with
\DeclareUnicodeCharacter 


! LaTeX Error: Unicode character –Ω (U+043D)
               not set up for use with LaTeX.

See the LaTeX manual or LaTeX Companion for explanation.
Type  H <return>  for immediate help.
 ...                                              
                                                  
l.11 ...Å–ø–µ—Ä–µ–º–µ–Ω—Ç–∞–ª—å–Ω—ã—Ö –∑–Ω–∞—á–µ–Ω
                                                  –∏–π}
You may provide a definition with
\DeclareUnicodeCharacter 


! LaTeX Error: Unicode character –∏ (U+0438)
               not set up for use with LaTeX.

See the LaTeX manual or LaTeX Companion for explanation.
Type  H <return>  for immediate help.
 ...                                              
                                                  
l.11 ...ø–µ—Ä–µ–º–µ–Ω—Ç–∞–ª—å–Ω—ã—Ö –∑–Ω–∞—á–µ–Ω–∏
                                                  –π}
You may provide a definition with
\DeclareUnicodeCharacter 


! LaTeX Error: Unicode character –π (U+0439)
               not set up for use with LaTeX.

See the LaTeX manual or LaTeX Companion for explanation.
Type  H <return>  for immediate help.
 ...                                              
                                                  
l.11 ...µ—Ä–µ–º–µ–Ω—Ç–∞–ª—å–Ω—ã—Ö –∑–Ω–∞—á–µ–Ω–∏–π
                                                  }
You may provide a definition with
\DeclareUnicodeCharacter 


! LaTeX Error: Unicode character –£ (U+0423)
               not set up for use with LaTeX.

See the LaTeX manual or LaTeX Companion for explanation.
Type  H <return>  for immediate help.
 ...                                              
                                                  
l.16 \textbf{–£–≥–æ–ª}
                       & \textbf{–£–≥–æ–ª –≤ —Ä–∞–¥–∏–∞–Ω–∞—Ö} & \textbf{–ü–...

You may provide a definition with
\DeclareUnicodeCharacter 


! LaTeX Error: Unicode character –≥ (U+0433)
               not set up for use with LaTeX.

See the LaTeX manual or LaTeX Companion for explanation.
Type  H <return>  for immediate help.
 ...                                              
                                                  
l.16 \textbf{–£–≥–æ–ª}
                       & \textbf{–£–≥–æ–ª –≤ —Ä–∞–¥–∏–∞–Ω–∞—Ö} & \textbf{–ü–...

You may provide a definition with
\DeclareUnicodeCharacter 


! LaTeX Error: Unicode character –æ (U+043E)
               not set up for use with LaTeX.

See the LaTeX manual or LaTeX Companion for explanation.
Type  H <return>  for immediate help.
 ...                                              
                                                  
l.16 \textbf{–£–≥–æ–ª}
                       & \textbf{–£–≥–æ–ª –≤ —Ä–∞–¥–∏–∞–Ω–∞—Ö} & \textbf{–ü–...

You may provide a definition with
\DeclareUnicodeCharacter 


! LaTeX Error: Unicode character –ª (U+043B)
               not set up for use with LaTeX.

See the LaTeX manual or LaTeX Companion for explanation.
Type  H <return>  for immediate help.
 ...                                              
                                                  
l.16 \textbf{–£–≥–æ–ª}
                       & \textbf{–£–≥–æ–ª –≤ —Ä–∞–¥–∏–∞–Ω–∞—Ö} & \textbf{–ü–...

You may provide a definition with
\DeclareUnicodeCharacter 


! LaTeX Error: Unicode character –£ (U+0423)
               not set up for use with LaTeX.

See the LaTeX manual or LaTeX Companion for explanation.
Type  H <return>  for immediate help.
 ...                                              
                                                  
l.16 ...ª} & \textbf{–£–≥–æ–ª –≤ —Ä–∞–¥–∏–∞–Ω–∞—Ö}
                                                   & \textbf{–ü–µ—Ä–∏–æ–¥} &...

You may provide a definition with
\DeclareUnicodeCharacter 


! LaTeX Error: Unicode character –≥ (U+0433)
               not set up for use with LaTeX.

See the LaTeX manual or LaTeX Companion for explanation.
Type  H <return>  for immediate help.
 ...                                              
                                                  
l.16 ...ª} & \textbf{–£–≥–æ–ª –≤ —Ä–∞–¥–∏–∞–Ω–∞—Ö}
                                                   & \textbf{–ü–µ—Ä–∏–æ–¥} &...

You may provide a definition with
\DeclareUnicodeCharacter 


! LaTeX Error: Unicode character –æ (U+043E)
               not set up for use with LaTeX.

See the LaTeX manual or LaTeX Companion for explanation.
Type  H <return>  for immediate help.
 ...                                              
                                                  
l.16 ...ª} & \textbf{–£–≥–æ–ª –≤ —Ä–∞–¥–∏–∞–Ω–∞—Ö}
                                                   & \textbf{–ü–µ—Ä–∏–æ–¥} &...

You may provide a definition with
\DeclareUnicodeCharacter 


! LaTeX Error: Unicode character –ª (U+043B)
               not set up for use with LaTeX.

See the LaTeX manual or LaTeX Companion for explanation.
Type  H <return>  for immediate help.
 ...                                              
                                                  
l.16 ...ª} & \textbf{–£–≥–æ–ª –≤ —Ä–∞–¥–∏–∞–Ω–∞—Ö}
                                                   & \textbf{–ü–µ—Ä–∏–æ–¥} &...

You may provide a definition with
\DeclareUnicodeCharacter 


! LaTeX Error: Unicode character –≤ (U+0432)
               not set up for use with LaTeX.

See the LaTeX manual or LaTeX Companion for explanation.
Type  H <return>  for immediate help.
 ...                                              
                                                  
l.16 ...ª} & \textbf{–£–≥–æ–ª –≤ —Ä–∞–¥–∏–∞–Ω–∞—Ö}
                                                   & \textbf{–ü–µ—Ä–∏–æ–¥} &...

You may provide a definition with
\DeclareUnicodeCharacter 


! LaTeX Error: Unicode character —Ä (U+0440)
               not set up for use with LaTeX.

See the LaTeX manual or LaTeX Companion for explanation.
Type  H <return>  for immediate help.
 ...                                              
                                                  
l.16 ...ª} & \textbf{–£–≥–æ–ª –≤ —Ä–∞–¥–∏–∞–Ω–∞—Ö}
                                                   & \textbf{–ü–µ—Ä–∏–æ–¥} &...

You may provide a definition with
\DeclareUnicodeCharacter 


! LaTeX Error: Unicode character –∞ (U+0430)
               not set up for use with LaTeX.

See the LaTeX manual or LaTeX Companion for explanation.
Type  H <return>  for immediate help.
 ...                                              
                                                  
l.16 ...ª} & \textbf{–£–≥–æ–ª –≤ —Ä–∞–¥–∏–∞–Ω–∞—Ö}
                                                   & \textbf{–ü–µ—Ä–∏–æ–¥} &...

You may provide a definition with
\DeclareUnicodeCharacter 


! LaTeX Error: Unicode character –¥ (U+0434)
               not set up for use with LaTeX.

See the LaTeX manual or LaTeX Companion for explanation.
Type  H <return>  for immediate help.
 ...                                              
                                                  
l.16 ...ª} & \textbf{–£–≥–æ–ª –≤ —Ä–∞–¥–∏–∞–Ω–∞—Ö}
                                                   & \textbf{–ü–µ—Ä–∏–æ–¥} &...

You may provide a definition with
\DeclareUnicodeCharacter 


! LaTeX Error: Unicode character –∏ (U+0438)
               not set up for use with LaTeX.

See the LaTeX manual or LaTeX Companion for explanation.
Type  H <return>  for immediate help.
 ...                                              
                                                  
l.16 ...ª} & \textbf{–£–≥–æ–ª –≤ —Ä–∞–¥–∏–∞–Ω–∞—Ö}
                                                   & \textbf{–ü–µ—Ä–∏–æ–¥} &...

You may provide a definition with
\DeclareUnicodeCharacter 


! LaTeX Error: Unicode character –∞ (U+0430)
               not set up for use with LaTeX.

See the LaTeX manual or LaTeX Companion for explanation.
Type  H <return>  for immediate help.
 ...                                              
                                                  
l.16 ...ª} & \textbf{–£–≥–æ–ª –≤ —Ä–∞–¥–∏–∞–Ω–∞—Ö}
                                                   & \textbf{–ü–µ—Ä–∏–æ–¥} &...

You may provide a definition with
\DeclareUnicodeCharacter 


! LaTeX Error: Unicode character –Ω (U+043D)
               not set up for use with LaTeX.

See the LaTeX manual or LaTeX Companion for explanation.
Type  H <return>  for immediate help.
 ...                                              
                                                  
l.16 ...ª} & \textbf{–£–≥–æ–ª –≤ —Ä–∞–¥–∏–∞–Ω–∞—Ö}
                                                   & \textbf{–ü–µ—Ä–∏–æ–¥} &...

You may provide a definition with
\DeclareUnicodeCharacter 


! LaTeX Error: Unicode character –∞ (U+0430)
               not set up for use with LaTeX.

See the LaTeX manual or LaTeX Companion for explanation.
Type  H <return>  for immediate help.
 ...                                              
                                                  
l.16 ...ª} & \textbf{–£–≥–æ–ª –≤ —Ä–∞–¥–∏–∞–Ω–∞—Ö}
                                                   & \textbf{–ü–µ—Ä–∏–æ–¥} &...

You may provide a definition with
\DeclareUnicodeCharacter 


! LaTeX Error: Unicode character —Ö (U+0445)
               not set up for use with LaTeX.

See the LaTeX manual or LaTeX Companion for explanation.
Type  H <return>  for immediate help.
 ...                                              
                                                  
l.16 ...ª} & \textbf{–£–≥–æ–ª –≤ —Ä–∞–¥–∏–∞–Ω–∞—Ö}
                                                   & \textbf{–ü–µ—Ä–∏–æ–¥} &...

You may provide a definition with
\DeclareUnicodeCharacter 


! LaTeX Error: Unicode character –ü (U+041F)
               not set up for use with LaTeX.

See the LaTeX manual or LaTeX Companion for explanation.
Type  H <return>  for immediate help.
 ...                                              
                                                  
l.16 ... —Ä–∞–¥–∏–∞–Ω–∞—Ö} & \textbf{–ü–µ—Ä–∏–æ–¥}
                                                   & \Delta\textbf{T} \\ \hline

You may provide a definition with
\DeclareUnicodeCharacter 


! LaTeX Error: Unicode character –µ (U+0435)
               not set up for use with LaTeX.

See the LaTeX manual or LaTeX Companion for explanation.
Type  H <return>  for immediate help.
 ...                                              
                                                  
l.16 ... —Ä–∞–¥–∏–∞–Ω–∞—Ö} & \textbf{–ü–µ—Ä–∏–æ–¥}
                                                   & \Delta\textbf{T} \\ \hline

You may provide a definition with
\DeclareUnicodeCharacter 


! LaTeX Error: Unicode character —Ä (U+0440)
               not set up for use with LaTeX.

See the LaTeX manual or LaTeX Companion for explanation.
Type  H <return>  for immediate help.
 ...                                              
                                                  
l.16 ... —Ä–∞–¥–∏–∞–Ω–∞—Ö} & \textbf{–ü–µ—Ä–∏–æ–¥}
                                                   & \Delta\textbf{T} \\ \hline

You may provide a definition with
\DeclareUnicodeCharacter 


! LaTeX Error: Unicode character –∏ (U+0438)
               not set up for use with LaTeX.

See the LaTeX manual or LaTeX Companion for explanation.
Type  H <return>  for immediate help.
 ...                                              
                                                  
l.16 ... —Ä–∞–¥–∏–∞–Ω–∞—Ö} & \textbf{–ü–µ—Ä–∏–æ–¥}
                                                   & \Delta\textbf{T} \\ \hline

You may provide a definition with
\DeclareUnicodeCharacter 


! LaTeX Error: Unicode character –æ (U+043E)
               not set up for use with LaTeX.

See the LaTeX manual or LaTeX Companion for explanation.
Type  H <return>  for immediate help.
 ...                                              
                                                  
l.16 ... —Ä–∞–¥–∏–∞–Ω–∞—Ö} & \textbf{–ü–µ—Ä–∏–æ–¥}
                                                   & \Delta\textbf{T} \\ \hline

You may provide a definition with
\DeclareUnicodeCharacter 


! LaTeX Error: Unicode character –¥ (U+0434)
               not set up for use with LaTeX.

See the LaTeX manual or LaTeX Companion for explanation.
Type  H <return>  for immediate help.
 ...                                              
                                                  
l.16 ... —Ä–∞–¥–∏–∞–Ω–∞—Ö} & \textbf{–ü–µ—Ä–∏–æ–¥}
                                                   & \Delta\textbf{T} \\ \hline
(That makes 100 errors; please try again.) 
Here is how much of TeX's memory you used:
 55 strings out of 468079
 835 string characters out of 5442585
 434722 words of memory out of 5000000
 28824 multiletter control sequences out of 15000+600000
 628029 words of font info for 41 fonts, out of 8000000 for 9000
 1141 hyphenation exceptions out of 8191
 18i,7n,19p,168b,156s stack positions out of 10000i,1000n,20000p,200000b,200000s

!  ==> Fatal error occurred, no output PDF file produced!
