This is pdfTeX, Version 3.141592653-2.6-1.40.27 (MiKTeX 25.4) (preloaded format=pdflatex 2025.10.29)  17 APR 2026 01:15
entering extended mode
 restricted \write18 enabled.
 %&-line parsing enabled.
**./preza.tex
(preza.tex
LaTeX2e <2025-06-01> patch level 1
L3 programming layer <2025-10-09>
(D:\mikTex\tex/latex/beamer\beamer.cls
Document Class: beamer 2025/08/13 v3.76 A class for typesetting presentations
(D:\mikTex\tex/latex/beamer\beamerbasemodes.sty
(D:\mikTex\tex/latex/etoolbox\etoolbox.sty
Package: etoolbox 2025/10/02 v2.5m e-TeX tools for LaTeX (JAW)
\etb@tempcnta=\count275
)
\beamer@tempbox=\box53
\beamer@tempcount=\count276
\c@beamerpauses=\count277

(D:\mikTex\tex/latex/beamer\beamerbasedecode.sty
\beamer@slideinframe=\count278
\beamer@minimum=\count279
\beamer@decode@box=\box54
)
\beamer@commentbox=\box55
\beamer@modecount=\count280
)
(D:\mikTex\tex/generic/iftex\iftex.sty
Package: iftex 2024/12/12 v1.0g TeX engine tests
)
\headdp=\dimen148
\footheight=\dimen149
\sidebarheight=\dimen150
\beamer@tempdim=\dimen151
\beamer@finalheight=\dimen152
\beamer@animht=\dimen153
\beamer@animdp=\dimen154
\beamer@animwd=\dimen155
\beamer@leftmargin=\dimen156
\beamer@rightmargin=\dimen157
\beamer@leftsidebar=\dimen158
\beamer@rightsidebar=\dimen159
\beamer@boxsize=\dimen160
\beamer@vboxoffset=\dimen161
\beamer@descdefault=\dimen162
\beamer@descriptionwidth=\dimen163
\beamer@lastskip=\skip49
\beamer@areabox=\box56
\beamer@animcurrent=\box57
\beamer@animshowbox=\box58
\beamer@sectionbox=\box59
\beamer@logobox=\box60
\beamer@linebox=\box61
\beamer@sectioncount=\count281
\beamer@subsubsectionmax=\count282
\beamer@subsectionmax=\count283
\beamer@sectionmax=\count284
\beamer@totalheads=\count285
\beamer@headcounter=\count286
\beamer@partstartpage=\count287
\beamer@sectionstartpage=\count288
\beamer@subsectionstartpage=\count289
\beamer@animationtempa=\count290
\beamer@animationtempb=\count291
\beamer@xpos=\count292
\beamer@ypos=\count293
\beamer@ypos@offset=\count294
\beamer@showpartnumber=\count295
\beamer@currentsubsection=\count296
\beamer@coveringdepth=\count297
\beamer@sectionadjust=\count298
\beamer@toclastsection=\count299
\beamer@tocsectionnumber=\count300

(D:\mikTex\tex/latex/beamer\beamerbaseoptions.sty
(D:\mikTex\tex/latex/graphics\keyval.sty
Package: keyval 2022/05/29 v1.15 key=value parser (DPC)
\KV@toks@=\toks17
))
\beamer@paperwidth=\skip50
\beamer@paperheight=\skip51

(D:\mikTex\tex/latex/geometry\geometry.sty
Package: geometry 2020/01/02 v5.9 Page Geometry

(D:\mikTex\tex/generic/iftex\ifvtex.sty
Package: ifvtex 2019/10/25 v1.7 ifvtex legacy package. Use iftex instead.
)
\Gm@cnth=\count301
\Gm@cntv=\count302
\c@Gm@tempcnt=\count303
\Gm@bindingoffset=\dimen164
\Gm@wd@mp=\dimen165
\Gm@odd@mp=\dimen166
\Gm@even@mp=\dimen167
\Gm@layoutwidth=\dimen168
\Gm@layoutheight=\dimen169
\Gm@layouthoffset=\dimen170
\Gm@layoutvoffset=\dimen171
\Gm@dimlist=\toks18

(D:\mikTex\tex/latex/geometry\geometry.cfg))
(D:\mikTex\tex/latex/pgf/math\pgfmath.sty
(D:\mikTex\tex/latex/pgf/utilities\pgfrcs.sty
(D:\mikTex\tex/generic/pgf/utilities\pgfutil-common.tex
\pgfutil@everybye=\toks19
\pgfutil@tempdima=\dimen172
\pgfutil@tempdimb=\dimen173
)
(D:\mikTex\tex/generic/pgf/utilities\pgfutil-latex.def
\pgfutil@abb=\box62
)
(D:\mikTex\tex/generic/pgf/utilities\pgfrcs.code.tex
(D:\mikTex\tex/generic/pgf\pgf.revision.tex)
Package: pgfrcs 2025-08-29 v3.1.11a (3.1.11a)
))
(D:\mikTex\tex/latex/pgf/utilities\pgfkeys.sty
(D:\mikTex\tex/generic/pgf/utilities\pgfkeys.code.tex
\pgfkeys@pathtoks=\toks20
\pgfkeys@temptoks=\toks21

(D:\mikTex\tex/generic/pgf/utilities\pgfkeyslibraryfiltered.code.tex
\pgfkeys@tmptoks=\toks22
)))
(D:\mikTex\tex/generic/pgf/math\pgfmath.code.tex
(D:\mikTex\tex/generic/pgf/math\pgfmathutil.code.tex
\pgf@x=\dimen174
\pgf@xa=\dimen175
\pgf@xb=\dimen176
\pgf@xc=\dimen177
\pgf@y=\dimen178
\pgf@ya=\dimen179
\pgf@yb=\dimen180
\pgf@yc=\dimen181
\c@pgf@counta=\count304
\c@pgf@countb=\count305
\c@pgf@countc=\count306
\c@pgf@countd=\count307
)
(D:\mikTex\tex/generic/pgf/math\pgfmathparser.code.tex
\pgfmath@dimen=\dimen182
\pgfmath@count=\count308
\pgfmath@box=\box63
\pgfmath@toks=\toks23
\pgfmath@stack@operand=\toks24
\pgfmath@stack@operation=\toks25
)
(D:\mikTex\tex/generic/pgf/math\pgfmathfunctions.code.tex)
(D:\mikTex\tex/generic/pgf/math\pgfmathfunctions.basic.code.tex)
(D:\mikTex\tex/generic/pgf/math\pgfmathfunctions.trigonometric.code.tex)
(D:\mikTex\tex/generic/pgf/math\pgfmathfunctions.random.code.tex)
(D:\mikTex\tex/generic/pgf/math\pgfmathfunctions.comparison.code.tex)
(D:\mikTex\tex/generic/pgf/math\pgfmathfunctions.base.code.tex)
(D:\mikTex\tex/generic/pgf/math\pgfmathfunctions.round.code.tex)
(D:\mikTex\tex/generic/pgf/math\pgfmathfunctions.misc.code.tex)
(D:\mikTex\tex/generic/pgf/math\pgfmathfunctions.integerarithmetics.code.tex)
(D:\mikTex\tex/generic/pgf/math\pgfmathcalc.code.tex)
(D:\mikTex\tex/generic/pgf/math\pgfmathfloat.code.tex
\c@pgfmathroundto@lastzeros=\count309
)))
(D:\mikTex\tex/latex/base\size11.clo
File: size11.clo 2025/01/22 v1.4n Standard LaTeX file (size option)
)
(D:\mikTex\tex/latex/pgf/basiclayer\pgfcore.sty
(D:\mikTex\tex/latex/graphics\graphicx.sty
Package: graphicx 2024/12/31 v1.2e Enhanced LaTeX Graphics (DPC,SPQR)

(D:\mikTex\tex/latex/graphics\graphics.sty
Package: graphics 2024/08/06 v1.4g Standard LaTeX Graphics (DPC,SPQR)

(D:\mikTex\tex/latex/graphics\trig.sty
Package: trig 2023/12/02 v1.11 sin cos tan (DPC)
)
(D:\mikTex\tex/latex/graphics-cfg\graphics.cfg
File: graphics.cfg 2016/06/04 v1.11 sample graphics configuration
)
Package graphics Info: Driver file: pdftex.def on input line 106.

(D:\mikTex\tex/latex/graphics-def\pdftex.def
File: pdftex.def 2025/09/29 v1.2d Graphics/color driver for pdftex
))
\Gin@req@height=\dimen183
\Gin@req@width=\dimen184
)
(D:\mikTex\tex/latex/pgf/systemlayer\pgfsys.sty
(D:\mikTex\tex/generic/pgf/systemlayer\pgfsys.code.tex
Package: pgfsys 2025-08-29 v3.1.11a (3.1.11a)
\pgf@x=\dimen185
\pgf@y=\dimen186
\pgf@xa=\dimen187
\pgf@ya=\dimen188
\pgf@xb=\dimen189
\pgf@yb=\dimen190
\pgf@xc=\dimen191
\pgf@yc=\dimen192
\pgf@xd=\dimen193
\pgf@yd=\dimen194
\w@pgf@writea=\write3
\r@pgf@reada=\read2
\c@pgf@counta=\count310
\c@pgf@countb=\count311
\c@pgf@countc=\count312
\c@pgf@countd=\count313
\t@pgf@toka=\toks26
\t@pgf@tokb=\toks27
\t@pgf@tokc=\toks28
\pgf@sys@id@count=\count314

(D:\mikTex\tex/generic/pgf/systemlayer\pgf.cfg
File: pgf.cfg 2025-08-29 v3.1.11a (3.1.11a)
)
Driver file for pgf: pgfsys-pdftex.def

(D:\mikTex\tex/generic/pgf/systemlayer\pgfsys-pdftex.def
File: pgfsys-pdftex.def 2025-08-29 v3.1.11a (3.1.11a)

(D:\mikTex\tex/generic/pgf/systemlayer\pgfsys-common-pdf.def
File: pgfsys-common-pdf.def 2025-08-29 v3.1.11a (3.1.11a)
)))
(D:\mikTex\tex/generic/pgf/systemlayer\pgfsyssoftpath.code.tex
File: pgfsyssoftpath.code.tex 2025-08-29 v3.1.11a (3.1.11a)
\pgfsyssoftpath@smallbuffer@items=\count315
\pgfsyssoftpath@bigbuffer@items=\count316
)
(D:\mikTex\tex/generic/pgf/systemlayer\pgfsysprotocol.code.tex
File: pgfsysprotocol.code.tex 2025-08-29 v3.1.11a (3.1.11a)
))
(D:\mikTex\tex/latex/xcolor\xcolor.sty
Package: xcolor 2024/09/29 v3.02 LaTeX color extensions (UK)

(D:\mikTex\tex/latex/graphics-cfg\color.cfg
File: color.cfg 2016/01/02 v1.6 sample color configuration
)
Package xcolor Info: Driver file: pdftex.def on input line 274.

(D:\mikTex\tex/latex/graphics\mathcolor.ltx)
Package xcolor Info: Model `cmy' substituted by `cmy0' on input line 1349.
Package xcolor Info: Model `hsb' substituted by `rgb' on input line 1353.
Package xcolor Info: Model `RGB' extended on input line 1365.
Package xcolor Info: Model `HTML' substituted by `rgb' on input line 1367.
Package xcolor Info: Model `Hsb' substituted by `hsb' on input line 1368.
Package xcolor Info: Model `tHsb' substituted by `hsb' on input line 1369.
Package xcolor Info: Model `HSB' substituted by `hsb' on input line 1370.
Package xcolor Info: Model `Gray' substituted by `gray' on input line 1371.
Package xcolor Info: Model `wave' substituted by `hsb' on input line 1372.
)
(D:\mikTex\tex/generic/pgf/basiclayer\pgfcore.code.tex
Package: pgfcore 2025-08-29 v3.1.11a (3.1.11a)

(D:\mikTex\tex/generic/pgf/math\pgfint.code.tex)
(D:\mikTex\tex/generic/pgf/basiclayer\pgfcorepoints.code.tex
File: pgfcorepoints.code.tex 2025-08-29 v3.1.11a (3.1.11a)
\pgf@picminx=\dimen195
\pgf@picmaxx=\dimen196
\pgf@picminy=\dimen197
\pgf@picmaxy=\dimen198
\pgf@pathminx=\dimen199
\pgf@pathmaxx=\dimen256
\pgf@pathminy=\dimen257
\pgf@pathmaxy=\dimen258
\pgf@xx=\dimen259
\pgf@xy=\dimen260
\pgf@yx=\dimen261
\pgf@yy=\dimen262
\pgf@zx=\dimen263
\pgf@zy=\dimen264
)
(D:\mikTex\tex/generic/pgf/basiclayer\pgfcorepathconstruct.code.tex
File: pgfcorepathconstruct.code.tex 2025-08-29 v3.1.11a (3.1.11a)
\pgf@path@lastx=\dimen265
\pgf@path@lasty=\dimen266
)
(D:\mikTex\tex/generic/pgf/basiclayer\pgfcorepathusage.code.tex
File: pgfcorepathusage.code.tex 2025-08-29 v3.1.11a (3.1.11a)
\pgf@shorten@end@additional=\dimen267
\pgf@shorten@start@additional=\dimen268
)
(D:\mikTex\tex/generic/pgf/basiclayer\pgfcorescopes.code.tex
File: pgfcorescopes.code.tex 2025-08-29 v3.1.11a (3.1.11a)
\pgfpic=\box64
\pgf@hbox=\box65
\pgf@layerbox@main=\box66
\pgf@picture@serial@count=\count317
)
(D:\mikTex\tex/generic/pgf/basiclayer\pgfcoregraphicstate.code.tex
File: pgfcoregraphicstate.code.tex 2025-08-29 v3.1.11a (3.1.11a)
\pgflinewidth=\dimen269
)
(D:\mikTex\tex/generic/pgf/basiclayer\pgfcoretransformations.code.tex
File: pgfcoretransformations.code.tex 2025-08-29 v3.1.11a (3.1.11a)
\pgf@pt@x=\dimen270
\pgf@pt@y=\dimen271
\pgf@pt@temp=\dimen272
)
(D:\mikTex\tex/generic/pgf/basiclayer\pgfcorequick.code.tex
File: pgfcorequick.code.tex 2025-08-29 v3.1.11a (3.1.11a)
)
(D:\mikTex\tex/generic/pgf/basiclayer\pgfcoreobjects.code.tex
File: pgfcoreobjects.code.tex 2025-08-29 v3.1.11a (3.1.11a)
)
(D:\mikTex\tex/generic/pgf/basiclayer\pgfcorepathprocessing.code.tex
File: pgfcorepathprocessing.code.tex 2025-08-29 v3.1.11a (3.1.11a)
)
(D:\mikTex\tex/generic/pgf/basiclayer\pgfcorearrows.code.tex
File: pgfcorearrows.code.tex 2025-08-29 v3.1.11a (3.1.11a)
\pgfarrowsep=\dimen273
)
(D:\mikTex\tex/generic/pgf/basiclayer\pgfcoreshade.code.tex
File: pgfcoreshade.code.tex 2025-08-29 v3.1.11a (3.1.11a)
\pgf@max=\dimen274
\pgf@sys@shading@range@num=\count318
\pgf@shadingcount=\count319
)
(D:\mikTex\tex/generic/pgf/basiclayer\pgfcoreimage.code.tex
File: pgfcoreimage.code.tex 2025-08-29 v3.1.11a (3.1.11a)
)
(D:\mikTex\tex/generic/pgf/basiclayer\pgfcoreexternal.code.tex
File: pgfcoreexternal.code.tex 2025-08-29 v3.1.11a (3.1.11a)
\pgfexternal@startupbox=\box67
)
(D:\mikTex\tex/generic/pgf/basiclayer\pgfcorelayers.code.tex
File: pgfcorelayers.code.tex 2025-08-29 v3.1.11a (3.1.11a)
)
(D:\mikTex\tex/generic/pgf/basiclayer\pgfcoretransparency.code.tex
File: pgfcoretransparency.code.tex 2025-08-29 v3.1.11a (3.1.11a)
)
(D:\mikTex\tex/generic/pgf/basiclayer\pgfcorepatterns.code.tex
File: pgfcorepatterns.code.tex 2025-08-29 v3.1.11a (3.1.11a)
)
(D:\mikTex\tex/generic/pgf/basiclayer\pgfcorerdf.code.tex
File: pgfcorerdf.code.tex 2025-08-29 v3.1.11a (3.1.11a)
)))
(D:\mikTex\tex/latex/pgf/utilities\xxcolor.sty
Package: xxcolor 2003/10/24 ver 0.1
\XC@nummixins=\count320
\XC@countmixins=\count321
)
(D:\mikTex\tex/latex/base\atbegshi-ltx.sty
Package: atbegshi-ltx 2021/01/10 v1.0c Emulation of the original atbegshi
package with kernel methods
)
(D:\mikTex\tex/latex/hyperref\hyperref.sty
Package: hyperref 2025-07-12 v7.01o Hypertext links for LaTeX

(D:\mikTex\tex/latex/kvsetkeys\kvsetkeys.sty
Package: kvsetkeys 2022-10-05 v1.19 Key value parser (HO)
)
(D:\mikTex\tex/generic/kvdefinekeys\kvdefinekeys.sty
Package: kvdefinekeys 2019-12-19 v1.6 Define keys (HO)
)
(D:\mikTex\tex/generic/pdfescape\pdfescape.sty
Package: pdfescape 2019/12/09 v1.15 Implements pdfTeX's escape features (HO)

(D:\mikTex\tex/generic/ltxcmds\ltxcmds.sty
Package: ltxcmds 2023-12-04 v1.26 LaTeX kernel commands for general use (HO)
)
(D:\mikTex\tex/generic/pdftexcmds\pdftexcmds.sty
Package: pdftexcmds 2020-06-27 v0.33 Utility functions of pdfTeX for LuaTeX (HO
)

(D:\mikTex\tex/generic/infwarerr\infwarerr.sty
Package: infwarerr 2019/12/03 v1.5 Providing info/warning/error messages (HO)
)
Package pdftexcmds Info: \pdf@primitive is available.
Package pdftexcmds Info: \pdf@ifprimitive is available.
Package pdftexcmds Info: \pdfdraftmode found.
))
(D:\mikTex\tex/latex/hycolor\hycolor.sty
Package: hycolor 2020-01-27 v1.10 Color options for hyperref/bookmark (HO)
)
(D:\mikTex\tex/latex/hyperref\nameref.sty
Package: nameref 2025-06-21 v2.57 Cross-referencing by name of section

(D:\mikTex\tex/latex/refcount\refcount.sty
Package: refcount 2019/12/15 v3.6 Data extraction from label references (HO)
)
(D:\mikTex\tex/generic/gettitlestring\gettitlestring.sty
Package: gettitlestring 2019/12/15 v1.6 Cleanup title references (HO)

(D:\mikTex\tex/latex/kvoptions\kvoptions.sty
Package: kvoptions 2022-06-15 v3.15 Key value format for package options (HO)
))
\c@section@level=\count322
)
(D:\mikTex\tex/generic/stringenc\stringenc.sty
Package: stringenc 2019/11/29 v1.12 Convert strings between diff. encodings (HO
)
)
\@linkdim=\dimen275
\Hy@linkcounter=\count323
\Hy@pagecounter=\count324

(D:\mikTex\tex/latex/hyperref\pd1enc.def
File: pd1enc.def 2025-07-12 v7.01o Hyperref: PDFDocEncoding definition (HO)
Now handling font encoding PD1 ...
... no UTF-8 mapping file for font encoding PD1
)
(D:\mikTex\tex/generic/intcalc\intcalc.sty
Package: intcalc 2019/12/15 v1.3 Expandable calculations with integers (HO)
)
\Hy@SavedSpaceFactor=\count325

(D:\mikTex\tex/latex/hyperref\puenc.def
File: puenc.def 2025-07-12 v7.01o Hyperref: PDF Unicode definition (HO)
Now handling font encoding PU ...
... no UTF-8 mapping file for font encoding PU
)
Package hyperref Info: Option `bookmarks' set `true' on input line 4066.
Package hyperref Info: Option `bookmarksopen' set `true' on input line 4066.
Package hyperref Info: Option `implicit' set `false' on input line 4066.
Package hyperref Info: Hyper figures OFF on input line 4195.
Package hyperref Info: Link nesting OFF on input line 4200.
Package hyperref Info: Hyper index ON on input line 4203.
Package hyperref Info: Plain pages OFF on input line 4210.
Package hyperref Info: Backreferencing OFF on input line 4215.
Package hyperref Info: Implicit mode OFF; no redefinition of LaTeX internals.
Package hyperref Info: Bookmarks ON on input line 4462.
\c@Hy@tempcnt=\count326
 (D:\mikTex\tex/latex/url\url.sty
\Urlmuskip=\muskip17
Package: url 2013/09/16  ver 3.4  Verb mode for urls, etc.
)
LaTeX Info: Redefining \url on input line 4801.
\XeTeXLinkMargin=\dimen276

(D:\mikTex\tex/generic/bitset\bitset.sty
Package: bitset 2019/12/09 v1.3 Handle bit-vector datatype (HO)

(D:\mikTex\tex/generic/bigintcalc\bigintcalc.sty
Package: bigintcalc 2019/12/15 v1.5 Expandable calculations on big integers (HO
)
))
\Fld@menulength=\count327
\Field@Width=\dimen277
\Fld@charsize=\dimen278
Package hyperref Info: Hyper figures OFF on input line 6078.
Package hyperref Info: Link nesting OFF on input line 6083.
Package hyperref Info: Hyper index ON on input line 6086.
Package hyperref Info: backreferencing OFF on input line 6093.
Package hyperref Info: Link coloring OFF on input line 6098.
Package hyperref Info: Link coloring with OCG OFF on input line 6103.
Package hyperref Info: PDF/A mode OFF on input line 6108.
\Hy@abspage=\count328


Package hyperref Message: Stopped early.

)
Package hyperref Info: Driver (autodetected): hpdftex.
 (D:\mikTex\tex/latex/hyperref\hpdftex.def
File: hpdftex.def 2025-07-12 v7.01o Hyperref driver for pdfTeX
\Fld@listcount=\count329
\c@bookmark@seq@number=\count330

(D:\mikTex\tex/latex/rerunfilecheck\rerunfilecheck.sty
Package: rerunfilecheck 2025-06-21 v1.11 Rerun checks for auxiliary files (HO)

(D:\mikTex\tex/generic/uniquecounter\uniquecounter.sty
Package: uniquecounter 2019/12/15 v1.4 Provide unlimited unique counter (HO)
)
Package uniquecounter Info: New unique counter `rerunfilecheck' on input line 2
84.
))
(D:\mikTex\tex/latex/beamer\beamerbaserequires.sty
(D:\mikTex\tex/latex/beamer\beamerbasecompatibility.sty)
(D:\mikTex\tex/latex/beamer\beamerbasefont.sty
(D:\mikTex\tex/latex/amsfonts\amssymb.sty
Package: amssymb 2013/01/14 v3.01 AMS font symbols

(D:\mikTex\tex/latex/amsfonts\amsfonts.sty
Package: amsfonts 2013/01/14 v3.01 Basic AMSFonts support
\@emptytoks=\toks29
\symAMSa=\mathgroup4
\symAMSb=\mathgroup5
LaTeX Font Info:    Redeclaring math symbol \hbar on input line 98.
LaTeX Font Info:    Overwriting math alphabet `\mathfrak' in version `bold'
(Font)                  U/euf/m/n --> U/euf/b/n on input line 106.
))
(D:\mikTex\tex/latex/sansmathaccent\sansmathaccent.sty
Package: sansmathaccent 2020/01/31

(D:\mikTex\tex/latex/koma-script\scrlfile.sty
Package: scrlfile 2025/09/09 v3.48 KOMA-Script package (file load hooks)

(D:\mikTex\tex/latex/koma-script\scrlfile-hook.sty
Package: scrlfile-hook 2025/09/09 v3.48 KOMA-Script package (using LaTeX hooks)


(D:\mikTex\tex/latex/koma-script\scrlogo.sty
Package: scrlogo 2025/09/09 v3.48 KOMA-Script package (logo)
)))))
(D:\mikTex\tex/latex/beamer\beamerbasetranslator.sty
(D:\mikTex\tex/latex/translator\translator.sty
Package: translator 2021-05-31 v1.12d Easy translation of strings in LaTeX
))
(D:\mikTex\tex/latex/beamer\beamerbasemisc.sty)
(D:\mikTex\tex/latex/beamer\beamerbasetwoscreens.sty)
(D:\mikTex\tex/latex/beamer\beamerbaseoverlay.sty
\beamer@argscount=\count331
\beamer@lastskipcover=\skip52
\beamer@trivlistdepth=\count332
)
(D:\mikTex\tex/latex/beamer\beamerbasetitle.sty)
(D:\mikTex\tex/latex/beamer\beamerbasesection.sty
\c@lecture=\count333
\c@part=\count334
\c@section=\count335
\c@subsection=\count336
\c@subsubsection=\count337
)
(D:\mikTex\tex/latex/beamer\beamerbaseframe.sty
\beamer@framebox=\box68
\beamer@frametitlebox=\box69
\beamer@zoombox=\box70
\beamer@zoomcount=\count338
\beamer@zoomframecount=\count339
\beamer@frametextheight=\dimen279
\c@subsectionslide=\count340
\beamer@frametopskip=\skip53
\beamer@framebottomskip=\skip54
\beamer@frametopskipautobreak=\skip55
\beamer@framebottomskipautobreak=\skip56
\beamer@envbody=\toks30
\framewidth=\dimen280
\c@framenumber=\count341
)
(D:\mikTex\tex/latex/beamer\beamerbaseverbatim.sty
\beamer@verbatimfileout=\write4
)
(D:\mikTex\tex/latex/beamer\beamerbaseframesize.sty
\beamer@splitbox=\box71
\beamer@autobreakcount=\count342
\beamer@autobreaklastheight=\dimen281
\beamer@frametitletoks=\toks31
\beamer@framesubtitletoks=\toks32
)
(D:\mikTex\tex/latex/beamer\beamerbaseframecomponents.sty
\beamer@colheight=\skip57
\beamer@footins=\box72
)
(D:\mikTex\tex/latex/beamer\beamerbasecolor.sty)
(D:\mikTex\tex/latex/beamer\beamerbasenotes.sty
\beamer@frameboxcopy=\box73
)
(D:\mikTex\tex/latex/beamer\beamerbasetoc.sty)
(D:\mikTex\tex/latex/beamer\beamerbasetemplates.sty
\beamer@sbttoks=\toks33

(D:\mikTex\tex/latex/beamer\beamerbaseauxtemplates.sty
(D:\mikTex\tex/latex/beamer\beamerbaseboxes.sty
\bmb@box=\box74
\bmb@colorbox=\box75
\bmb@boxwidth=\dimen282
\bmb@boxheight=\dimen283
\bmb@prevheight=\dimen284
\bmb@temp=\dimen285
\bmb@dima=\dimen286
\bmb@dimb=\dimen287
\bmb@prevheight=\dimen288
)
\beamer@blockheadheight=\dimen289
))
(D:\mikTex\tex/latex/beamer\beamerbaselocalstructure.sty
(D:\mikTex\tex/latex/tools\enumerate.sty
Package: enumerate 2023/07/04 v3.00 enumerate extensions (DPC)
\@enLab=\toks34
)
\beamer@bibiconwidth=\skip58
\c@figure=\count343
\c@table=\count344
\abovecaptionskip=\skip59
\belowcaptionskip=\skip60
)
(D:\mikTex\tex/latex/beamer\beamerbasenavigation.sty
(D:\mikTex\tex/latex/beamer\beamerbasenavigationsymbols.tex)
\beamer@section@min@dim=\dimen290
)
(D:\mikTex\tex/latex/beamer\beamerbasetheorems.sty
(D:\mikTex\tex/latex/amsmath\amsmath.sty
Package: amsmath 2025/06/16 v2.17y AMS math features
\@mathmargin=\skip61

For additional information on amsmath, use the `?' option.
(D:\mikTex\tex/latex/amsmath\amstext.sty
Package: amstext 2024/11/17 v2.01 AMS text

(D:\mikTex\tex/latex/amsmath\amsgen.sty
File: amsgen.sty 1999/11/30 v2.0 generic functions
\@emptytoks=\toks35
\ex@=\dimen291
))
(D:\mikTex\tex/latex/amsmath\amsbsy.sty
Package: amsbsy 1999/11/29 v1.2d Bold Symbols
\pmbraise@=\dimen292
)
(D:\mikTex\tex/latex/amsmath\amsopn.sty
Package: amsopn 2022/04/08 v2.04 operator names
)
\inf@bad=\count345
LaTeX Info: Redefining \frac on input line 233.
\uproot@=\count346
\leftroot@=\count347
LaTeX Info: Redefining \overline on input line 398.
LaTeX Info: Redefining \colon on input line 409.
\classnum@=\count348
\DOTSCASE@=\count349
LaTeX Info: Redefining \ldots on input line 495.
LaTeX Info: Redefining \dots on input line 498.
LaTeX Info: Redefining \cdots on input line 619.
\Mathstrutbox@=\box76
\strutbox@=\box77
LaTeX Info: Redefining \big on input line 721.
LaTeX Info: Redefining \Big on input line 722.
LaTeX Info: Redefining \bigg on input line 723.
LaTeX Info: Redefining \Bigg on input line 724.
\big@size=\dimen293
LaTeX Font Info:    Redeclaring font encoding OML on input line 742.
LaTeX Font Info:    Redeclaring font encoding OMS on input line 743.
\macc@depth=\count350
LaTeX Info: Redefining \bmod on input line 904.
LaTeX Info: Redefining \pmod on input line 909.
LaTeX Info: Redefining \smash on input line 939.
LaTeX Info: Redefining \relbar on input line 969.
LaTeX Info: Redefining \Relbar on input line 970.
\c@MaxMatrixCols=\count351
\dotsspace@=\muskip18
\c@parentequation=\count352
\dspbrk@lvl=\count353
\tag@help=\toks36
\row@=\count354
\column@=\count355
\maxfields@=\count356
\andhelp@=\toks37
\eqnshift@=\dimen294
\alignsep@=\dimen295
\tagshift@=\dimen296
\tagwidth@=\dimen297
\totwidth@=\dimen298
\lineht@=\dimen299
\@envbody=\toks38
\multlinegap=\skip62
\multlinetaggap=\skip63
\mathdisplay@stack=\toks39
LaTeX Info: Redefining \[ on input line 2949.
LaTeX Info: Redefining \] on input line 2950.
)
(D:\mikTex\tex/latex/amscls\amsthm.sty
Package: amsthm 2020/05/29 v2.20.6
\thm@style=\toks40
\thm@bodyfont=\toks41
\thm@headfont=\toks42
\thm@notefont=\toks43
\thm@headpunct=\toks44
\thm@preskip=\skip64
\thm@postskip=\skip65
\thm@headsep=\skip66
\dth@everypar=\toks45
)
\c@theorem=\count357
)
(D:\mikTex\tex/latex/beamer\beamerbasethemes.sty))
(D:\mikTex\tex/latex/beamer\beamerthemedefault.sty
(D:\mikTex\tex/latex/beamer\beamerfontthemedefault.sty)
(D:\mikTex\tex/latex/beamer\beamercolorthemedefault.sty)
(D:\mikTex\tex/latex/beamer\beamerinnerthemedefault.sty
\beamer@dima=\dimen300
\beamer@dimb=\dimen301
)
(D:\mikTex\tex/latex/beamer\beamerouterthemedefault.sty)))
(D:\mikTex\tex/latex/pgf/frontendlayer\tikz.sty
(D:\mikTex\tex/latex/pgf/basiclayer\pgf.sty
Package: pgf 2025-08-29 v3.1.11a (3.1.11a)

(D:\mikTex\tex/generic/pgf/modules\pgfmoduleshapes.code.tex
File: pgfmoduleshapes.code.tex 2025-08-29 v3.1.11a (3.1.11a)
\pgfnodeparttextbox=\box78
)
(D:\mikTex\tex/generic/pgf/modules\pgfmoduleplot.code.tex
File: pgfmoduleplot.code.tex 2025-08-29 v3.1.11a (3.1.11a)
)
(D:\mikTex\tex/latex/pgf/compatibility\pgfcomp-version-0-65.sty
Package: pgfcomp-version-0-65 2025-08-29 v3.1.11a (3.1.11a)
\pgf@nodesepstart=\dimen302
\pgf@nodesepend=\dimen303
)
(D:\mikTex\tex/latex/pgf/compatibility\pgfcomp-version-1-18.sty
Package: pgfcomp-version-1-18 2025-08-29 v3.1.11a (3.1.11a)
))
(D:\mikTex\tex/latex/pgf/utilities\pgffor.sty
(D:\mikTex\tex/generic/pgf/utilities\pgffor.code.tex
Package: pgffor 2025-08-29 v3.1.11a (3.1.11a)
\pgffor@iter=\dimen304
\pgffor@skip=\dimen305
\pgffor@stack=\toks46
\pgffor@toks=\toks47
))
(D:\mikTex\tex/generic/pgf/frontendlayer/tikz\tikz.code.tex
Package: tikz 2025-08-29 v3.1.11a (3.1.11a)

(D:\mikTex\tex/generic/pgf/libraries\pgflibraryplothandlers.code.tex
File: pgflibraryplothandlers.code.tex 2025-08-29 v3.1.11a (3.1.11a)
\pgf@plot@mark@count=\count358
\pgfplotmarksize=\dimen306
)
\tikz@lastx=\dimen307
\tikz@lasty=\dimen308
\tikz@lastxsaved=\dimen309
\tikz@lastysaved=\dimen310
\tikz@lastmovetox=\dimen311
\tikz@lastmovetoy=\dimen312
\tikzleveldistance=\dimen313
\tikzsiblingdistance=\dimen314
\tikz@figbox=\box79
\tikz@figbox@bg=\box80
\tikz@tempbox=\box81
\tikz@tempbox@bg=\box82
\tikztreelevel=\count359
\tikznumberofchildren=\count360
\tikznumberofcurrentchild=\count361
\tikz@fig@count=\count362

(D:\mikTex\tex/generic/pgf/modules\pgfmodulematrix.code.tex
File: pgfmodulematrix.code.tex 2025-08-29 v3.1.11a (3.1.11a)
\pgfmatrixcurrentrow=\count363
\pgfmatrixcurrentcolumn=\count364
\pgf@matrix@numberofcolumns=\count365
)
\tikz@expandcount=\count366

(D:\mikTex\tex/generic/pgf/frontendlayer/tikz/libraries\tikzlibrarytopaths.code
.tex
File: tikzlibrarytopaths.code.tex 2025-08-29 v3.1.11a (3.1.11a)
)))
(D:\mikTex\tex/generic/pgf/frontendlayer/tikz/libraries\tikzlibraryshadings.cod
e.tex
File: tikzlibraryshadings.code.tex 2025-08-29 v3.1.11a (3.1.11a)
 (D:\mikTex\tex/generic/pgf/libraries\pgflibraryshadings.code.tex
File: pgflibraryshadings.code.tex 2025-08-29 v3.1.11a (3.1.11a)
))
(D:\mikTex\tex/latex/base\inputenc.sty
Package: inputenc 2024/02/08 v1.3d Input encoding file
\inpenc@prehook=\toks48
\inpenc@posthook=\toks49
) (D:\mikTex\tex/generic/babel\babel.sty
Package: babel 2025/10/22 v25.14 The multilingual framework for LuaLaTeX, pdfLa
TeX and XeLaTeX
\babel@savecnt=\count367
LaTeX Encoding Info:    Redeclaring text command \ij (encoding OT1) on input li
ne 2050.
LaTeX Encoding Info:    Redeclaring text command \IJ (encoding OT1) on input li
ne 2052.
LaTeX Encoding Info:    Redeclaring text command \ij (encoding T1) on input lin
e 2054.
LaTeX Encoding Info:    Redeclaring text command \IJ (encoding T1) on input lin
e 2055.
LaTeX Encoding Info:    Ignoring declaration for text command \ij (encoding ?) 
on input line 2056.
LaTeX Encoding Info:    Ignoring declaration for text command \IJ (encoding ?) 
on input line 2058.
LaTeX Encoding Info:    Ignoring declaration for text command \SS (encoding ?) 
on input line 2083.
\U@D=\dimen315
\l@unhyphenated=\language79

(D:\mikTex\tex/generic/babel\txtbabel.def)
\bbl@readstream=\read3
LaTeX Info: Redefining \textlatin on input line 3942.
\bbl@dirlevel=\count368


Package babel Warning: Configuration files are deprecated, as
(babel)                they can break document portability.
(babel)                Reported on input line 4172.

*************************************
* Local config file bblopts.cfg used
*
(D:\mikTex\tex/latex/arabi\bblopts.cfg
File: bblopts.cfg 2005/09/08 v0.1 add Arabic and Farsi to "declared" options of
 babel
)
(D:\mikTex\tex/generic/babel/locale/ru\babel-russian.tex)
Package babel Info: Importing font and identification data for russian
(babel)             from babel-ru.ini. Reported on input line 4295.

(D:\mikTex\tex/latex/babel-russian\russianb.ldf
File: russianb.ldf 2021/01/10 1.3m Russian support for the Babel system
Language: russian 2020/09/09 1.3k Russian support for the Babel system


Package babel Warning: No Cyrillic font encoding has been loaded so far.
(babel)                A font encoding should be declared before babel.
(babel)                Default `T2A' encoding will be loaded  on input line 78.


(D:\mikTex\tex/latex/cyrillic\t2aenc.def
File: t2aenc.def 2023/11/07 v1.0k Cyrillic encoding definition file
Now handling font encoding T2A ...
... processing UTF-8 mapping file for font encoding T2A
 (D:\mikTex\tex/latex/base\t2aenc.dfu
File: t2aenc.dfu 2022/06/07 v1.3c UTF-8 support
   defining Unicode char U+00A4 (decimal 164)
   defining Unicode char U+00A7 (decimal 167)
   defining Unicode char U+00AB (decimal 171)
   defining Unicode char U+00BB (decimal 187)
   defining Unicode char U+0131 (decimal 305)
   defining Unicode char U+0237 (decimal 567)
   defining Unicode char U+0400 (decimal 1024)
   defining Unicode char U+0401 (decimal 1025)
   defining Unicode char U+0402 (decimal 1026)
   defining Unicode char U+0403 (decimal 1027)
   defining Unicode char U+0404 (decimal 1028)
   defining Unicode char U+0405 (decimal 1029)
   defining Unicode char U+0406 (decimal 1030)
   defining Unicode char U+0407 (decimal 1031)
   defining Unicode char U+0408 (decimal 1032)
   defining Unicode char U+0409 (decimal 1033)
   defining Unicode char U+040A (decimal 1034)
   defining Unicode char U+040B (decimal 1035)
   defining Unicode char U+040C (decimal 1036)
   defining Unicode char U+040D (decimal 1037)
   defining Unicode char U+040E (decimal 1038)
   defining Unicode char U+040F (decimal 1039)
   defining Unicode char U+0410 (decimal 1040)
   defining Unicode char U+0411 (decimal 1041)
   defining Unicode char U+0412 (decimal 1042)
   defining Unicode char U+0413 (decimal 1043)
   defining Unicode char U+0414 (decimal 1044)
   defining Unicode char U+0415 (decimal 1045)
   defining Unicode char U+0416 (decimal 1046)
   defining Unicode char U+0417 (decimal 1047)
   defining Unicode char U+0418 (decimal 1048)
   defining Unicode char U+0419 (decimal 1049)
   defining Unicode char U+041A (decimal 1050)
   defining Unicode char U+041B (decimal 1051)
   defining Unicode char U+041C (decimal 1052)
   defining Unicode char U+041D (decimal 1053)
   defining Unicode char U+041E (decimal 1054)
   defining Unicode char U+041F (decimal 1055)
   defining Unicode char U+0420 (decimal 1056)
   defining Unicode char U+0421 (decimal 1057)
   defining Unicode char U+0422 (decimal 1058)
   defining Unicode char U+0423 (decimal 1059)
   defining Unicode char U+0424 (decimal 1060)
   defining Unicode char U+0425 (decimal 1061)
   defining Unicode char U+0426 (decimal 1062)
   defining Unicode char U+0427 (decimal 1063)
   defining Unicode char U+0428 (decimal 1064)
   defining Unicode char U+0429 (decimal 1065)
   defining Unicode char U+042A (decimal 1066)
   defining Unicode char U+042B (decimal 1067)
   defining Unicode char U+042C (decimal 1068)
   defining Unicode char U+042D (decimal 1069)
   defining Unicode char U+042E (decimal 1070)
   defining Unicode char U+042F (decimal 1071)
   defining Unicode char U+0430 (decimal 1072)
   defining Unicode char U+0431 (decimal 1073)
   defining Unicode char U+0432 (decimal 1074)
   defining Unicode char U+0433 (decimal 1075)
   defining Unicode char U+0434 (decimal 1076)
   defining Unicode char U+0435 (decimal 1077)
   defining Unicode char U+0436 (decimal 1078)
   defining Unicode char U+0437 (decimal 1079)
   defining Unicode char U+0438 (decimal 1080)
   defining Unicode char U+0439 (decimal 1081)
   defining Unicode char U+043A (decimal 1082)
   defining Unicode char U+043B (decimal 1083)
   defining Unicode char U+043C (decimal 1084)
   defining Unicode char U+043D (decimal 1085)
   defining Unicode char U+043E (decimal 1086)
   defining Unicode char U+043F (decimal 1087)
   defining Unicode char U+0440 (decimal 1088)
   defining Unicode char U+0441 (decimal 1089)
   defining Unicode char U+0442 (decimal 1090)
   defining Unicode char U+0443 (decimal 1091)
   defining Unicode char U+0444 (decimal 1092)
   defining Unicode char U+0445 (decimal 1093)
   defining Unicode char U+0446 (decimal 1094)
   defining Unicode char U+0447 (decimal 1095)
   defining Unicode char U+0448 (decimal 1096)
   defining Unicode char U+0449 (decimal 1097)
   defining Unicode char U+044A (decimal 1098)
   defining Unicode char U+044B (decimal 1099)
   defining Unicode char U+044C (decimal 1100)
   defining Unicode char U+044D (decimal 1101)
   defining Unicode char U+044E (decimal 1102)
   defining Unicode char U+044F (decimal 1103)
   defining Unicode char U+0450 (decimal 1104)
   defining Unicode char U+0451 (decimal 1105)
   defining Unicode char U+0452 (decimal 1106)
   defining Unicode char U+0453 (decimal 1107)
   defining Unicode char U+0454 (decimal 1108)
   defining Unicode char U+0455 (decimal 1109)
   defining Unicode char U+0456 (decimal 1110)
   defining Unicode char U+0457 (decimal 1111)
   defining Unicode char U+0458 (decimal 1112)
   defining Unicode char U+0459 (decimal 1113)
   defining Unicode char U+045A (decimal 1114)
   defining Unicode char U+045B (decimal 1115)
   defining Unicode char U+045C (decimal 1116)
   defining Unicode char U+045D (decimal 1117)
   defining Unicode char U+045E (decimal 1118)
   defining Unicode char U+045F (decimal 1119)
   defining Unicode char U+0490 (decimal 1168)
   defining Unicode char U+0491 (decimal 1169)
   defining Unicode char U+0492 (decimal 1170)
   defining Unicode char U+0493 (decimal 1171)
   defining Unicode char U+0496 (decimal 1174)
   defining Unicode char U+0497 (decimal 1175)
   defining Unicode char U+0498 (decimal 1176)
   defining Unicode char U+0499 (decimal 1177)
   defining Unicode char U+049A (decimal 1178)
   defining Unicode char U+049B (decimal 1179)
   defining Unicode char U+049C (decimal 1180)
   defining Unicode char U+049D (decimal 1181)
   defining Unicode char U+04A0 (decimal 1184)
   defining Unicode char U+04A1 (decimal 1185)
   defining Unicode char U+04A2 (decimal 1186)
   defining Unicode char U+04A3 (decimal 1187)
   defining Unicode char U+04A4 (decimal 1188)
   defining Unicode char U+04A5 (decimal 1189)
   defining Unicode char U+04AA (decimal 1194)
   defining Unicode char U+04AB (decimal 1195)
   defining Unicode char U+04AE (decimal 1198)
   defining Unicode char U+04AF (decimal 1199)
   defining Unicode char U+04B0 (decimal 1200)
   defining Unicode char U+04B1 (decimal 1201)
   defining Unicode char U+04B2 (decimal 1202)
   defining Unicode char U+04B3 (decimal 1203)
   defining Unicode char U+04B6 (decimal 1206)
   defining Unicode char U+04B7 (decimal 1207)
   defining Unicode char U+04B8 (decimal 1208)
   defining Unicode char U+04B9 (decimal 1209)
   defining Unicode char U+04BA (decimal 1210)
   defining Unicode char U+04BB (decimal 1211)
   defining Unicode char U+04C0 (decimal 1216)
   defining Unicode char U+04C1 (decimal 1217)
   defining Unicode char U+04C2 (decimal 1218)
   defining Unicode char U+04D0 (decimal 1232)
   defining Unicode char U+04D1 (decimal 1233)
   defining Unicode char U+04D2 (decimal 1234)
   defining Unicode char U+04D3 (decimal 1235)
   defining Unicode char U+04D4 (decimal 1236)
   defining Unicode char U+04D5 (decimal 1237)
   defining Unicode char U+04D6 (decimal 1238)
   defining Unicode char U+04D7 (decimal 1239)
   defining Unicode char U+04D8 (decimal 1240)
   defining Unicode char U+04D9 (decimal 1241)
   defining Unicode char U+04DA (decimal 1242)
   defining Unicode char U+04DB (decimal 1243)
   defining Unicode char U+04DC (decimal 1244)
   defining Unicode char U+04DD (decimal 1245)
   defining Unicode char U+04DE (decimal 1246)
   defining Unicode char U+04DF (decimal 1247)
   defining Unicode char U+04E2 (decimal 1250)
   defining Unicode char U+04E3 (decimal 1251)
   defining Unicode char U+04E4 (decimal 1252)
   defining Unicode char U+04E5 (decimal 1253)
   defining Unicode char U+04E6 (decimal 1254)
   defining Unicode char U+04E7 (decimal 1255)
   defining Unicode char U+04E8 (decimal 1256)
   defining Unicode char U+04E9 (decimal 1257)
   defining Unicode char U+04EC (decimal 1260)
   defining Unicode char U+04ED (decimal 1261)
   defining Unicode char U+04EE (decimal 1262)
   defining Unicode char U+04EF (decimal 1263)
   defining Unicode char U+04F0 (decimal 1264)
   defining Unicode char U+04F1 (decimal 1265)
   defining Unicode char U+04F2 (decimal 1266)
   defining Unicode char U+04F3 (decimal 1267)
   defining Unicode char U+04F4 (decimal 1268)
   defining Unicode char U+04F5 (decimal 1269)
   defining Unicode char U+04F8 (decimal 1272)
   defining Unicode char U+04F9 (decimal 1273)
   defining Unicode char U+200C (decimal 8204)
   defining Unicode char U+2013 (decimal 8211)
   defining Unicode char U+2014 (decimal 8212)
   defining Unicode char U+2018 (decimal 8216)
   defining Unicode char U+2019 (decimal 8217)
   defining Unicode char U+201C (decimal 8220)
   defining Unicode char U+201D (decimal 8221)
   defining Unicode char U+201E (decimal 8222)
   defining Unicode char U+2030 (decimal 8240)
   defining Unicode char U+2031 (decimal 8241)
   defining Unicode char U+2116 (decimal 8470)
   defining Unicode char U+2329 (decimal 9001)
   defining Unicode char U+3008 (decimal 12296)
   defining Unicode char U+232A (decimal 9002)
   defining Unicode char U+3009 (decimal 12297)
   defining Unicode char U+2423 (decimal 9251)
   defining Unicode char U+27E8 (decimal 10216)
   defining Unicode char U+27E9 (decimal 10217)
   defining Unicode char U+FB00 (decimal 64256)
   defining Unicode char U+FB01 (decimal 64257)
   defining Unicode char U+FB02 (decimal 64258)
   defining Unicode char U+FB03 (decimal 64259)
   defining Unicode char U+FB04 (decimal 64260)
   defining Unicode char U+FB05 (decimal 64261)
   defining Unicode char U+FB06 (decimal 64262)
))
Package babel Info: Making " an active character on input line 124.
Package babel Info: Default for \cyrdash is provided on input line 163.
)) (D:\mikTex\tex/latex/cancel\cancel.sty
Package: cancel 2013/04/12 v2.2 Cancel math terms
)
(D:\mikTex\tex/latex/wrapfig\wrapfig.sty
\wrapoverhang=\dimen316
\WF@size=\dimen317
\c@WF@wrappedlines=\count369
\WF@box=\box83
\WF@everypar=\toks50
Package: wrapfig 2003/01/31  v 3.6
)
\RightSidebarWidth=\skip67

(D:\mikTex\tex/latex/beamer\beamerouterthemesidebar.sty
\beamer@sidebarwidth=\dimen318
\beamer@headheight=\dimen319
)
(D:\mikTex\tex/latex/l3backend\l3backend-pdftex.def
File: l3backend-pdftex.def 2025-10-09 L3 backend support: PDF output (pdfTeX)
\l__color_backend_stack_int=\count370
) (preza.aux
LaTeX Font Info:    Trying to load font information for T2A+cmss on input line 
9.

(D:\mikTex\tex/latex/cyrillic\t2acmss.fd
File: t2acmss.fd 2001/08/11 v1.0a Computer Modern Cyrillic font definitions
)
Package babel Info: 'russian' activates 'russian' shorthands.
(babel)             Reported on input line 9.
 (part2.aux))
\openout1 = `preza.aux'.

LaTeX Font Info:    Checking defaults for OML/cmm/m/it on input line 45.
LaTeX Font Info:    ... okay on input line 45.
LaTeX Font Info:    Checking defaults for OMS/cmsy/m/n on input line 45.
LaTeX Font Info:    ... okay on input line 45.
LaTeX Font Info:    Checking defaults for OT1/cmr/m/n on input line 45.
LaTeX Font Info:    ... okay on input line 45.
LaTeX Font Info:    Checking defaults for T1/cmr/m/n on input line 45.
LaTeX Font Info:    ... okay on input line 45.
LaTeX Font Info:    Checking defaults for TS1/cmr/m/n on input line 45.
LaTeX Font Info:    ... okay on input line 45.
LaTeX Font Info:    Checking defaults for OMX/cmex/m/n on input line 45.
LaTeX Font Info:    ... okay on input line 45.
LaTeX Font Info:    Checking defaults for U/cmr/m/n on input line 45.
LaTeX Font Info:    ... okay on input line 45.
LaTeX Font Info:    Checking defaults for PD1/pdf/m/n on input line 45.
LaTeX Font Info:    ... okay on input line 45.
LaTeX Font Info:    Checking defaults for PU/pdf/m/n on input line 45.
LaTeX Font Info:    ... okay on input line 45.
LaTeX Font Info:    Checking defaults for T2A/cmr/m/n on input line 45.
LaTeX Font Info:    Trying to load font information for T2A+cmr on input line 4
5.

(D:\mikTex\tex/latex/cyrillic\t2acmr.fd
File: t2acmr.fd 2001/08/11 v1.0a Computer Modern Cyrillic font definitions
)
LaTeX Font Info:    ... okay on input line 45.

*geometry* driver: auto-detecting
*geometry* detected driver: pdftex
*geometry* verbose mode - [ preamble ] result:
* driver: pdftex
* paper: custom
* layout: <same size as paper>
* layoutoffset:(h,v)=(0.0pt,0.0pt)
* modes: includehead includefoot 
* h-part:(L,W,R)=(14.22636pt, 270.82578pt, 79.14322pt)
* v-part:(T,H,B)=(0.0pt, 273.14662pt, 0.0pt)
* \paperwidth=364.19536pt
* \paperheight=273.14662pt
* \textwidth=270.82578pt
* \textheight=244.6939pt
* \oddsidemargin=-58.04362pt
* \evensidemargin=-58.04362pt
* \topmargin=-72.26999pt
* \headheight=14.22636pt
* \headsep=0.0pt
* \topskip=11.0pt
* \footskip=14.22636pt
* \marginparwidth=4.0pt
* \marginparsep=10.0pt
* \columnsep=10.0pt
* \skip\footins=10.0pt plus 4.0pt minus 2.0pt
* \hoffset=0.0pt
* \voffset=0.0pt
* \mag=1000
* \@twocolumnfalse
* \@twosidefalse
* \@mparswitchfalse
* \@reversemarginfalse
* (1in=72.27pt=25.4mm, 1cm=28.453pt)

(D:\mikTex\tex/context/base/mkii\supp-pdf.mkii
[Loading MPS to PDF converter (version 2006.09.02).]
\scratchcounter=\count371
\scratchdimen=\dimen320
\scratchbox=\box84
\nofMPsegments=\count372
\nofMParguments=\count373
\everyMPshowfont=\toks51
\MPscratchCnt=\count374
\MPscratchDim=\dimen321
\MPnumerator=\count375
\makeMPintoPDFobject=\count376
\everyMPtoPDFconversion=\toks52
) (D:\mikTex\tex/latex/epstopdf-pkg\epstopdf-base.sty
Package: epstopdf-base 2020-01-24 v2.11 Base part for package epstopdf
Package epstopdf-base Info: Redefining graphics rule for `.eps' on input line 4
85.

(D:\mikTex\tex/latex/00miktex\epstopdf-sys.cfg
File: epstopdf-sys.cfg 2021/03/18 v2.0 Configuration of epstopdf for MiKTeX
))
Package hyperref Info: Link coloring OFF on input line 45.
 (preza.out) (preza.out)
\@outlinefile=\write5
\openout5 = `preza.out'.

LaTeX Font Info:    Overwriting symbol font `operators' in version `normal'
(Font)                  OT1/cmr/m/n --> OT1/cmss/m/n on input line 45.
LaTeX Font Info:    Overwriting symbol font `operators' in version `bold'
(Font)                  OT1/cmr/bx/n --> OT1/cmss/b/n on input line 45.
\symnumbers=\mathgroup6
\sympureletters=\mathgroup7
LaTeX Font Info:    Overwriting math alphabet `\mathrm' in version `normal'
(Font)                  OT1/cmss/m/n --> OT1/cmr/m/n on input line 45.
LaTeX Font Info:    Redeclaring math alphabet \mathbf on input line 45.
LaTeX Font Info:    Overwriting math alphabet `\mathbf' in version `normal'
(Font)                  OT1/cmr/bx/n --> OT1/cmss/b/n on input line 45.
LaTeX Font Info:    Overwriting math alphabet `\mathbf' in version `bold'
(Font)                  OT1/cmr/bx/n --> OT1/cmss/b/n on input line 45.
LaTeX Font Info:    Redeclaring math alphabet \mathsf on input line 45.
LaTeX Font Info:    Overwriting math alphabet `\mathsf' in version `normal'
(Font)                  OT1/cmss/m/n --> OT1/cmss/m/n on input line 45.
LaTeX Font Info:    Overwriting math alphabet `\mathsf' in version `bold'
(Font)                  OT1/cmss/bx/n --> OT1/cmss/m/n on input line 45.
LaTeX Font Info:    Redeclaring math alphabet \mathit on input line 45.
LaTeX Font Info:    Overwriting math alphabet `\mathit' in version `normal'
(Font)                  OT1/cmr/m/it --> OT1/cmss/m/it on input line 45.
LaTeX Font Info:    Overwriting math alphabet `\mathit' in version `bold'
(Font)                  OT1/cmr/bx/it --> OT1/cmss/m/it on input line 45.
LaTeX Font Info:    Redeclaring math alphabet \mathtt on input line 45.
LaTeX Font Info:    Overwriting math alphabet `\mathtt' in version `normal'
(Font)                  OT1/cmtt/m/n --> OT1/cmtt/m/n on input line 45.
LaTeX Font Info:    Overwriting math alphabet `\mathtt' in version `bold'
(Font)                  OT1/cmtt/m/n --> OT1/cmtt/m/n on input line 45.
LaTeX Font Info:    Overwriting symbol font `numbers' in version `bold'
(Font)                  OT1/cmss/m/n --> OT1/cmss/b/n on input line 45.
LaTeX Font Info:    Overwriting symbol font `pureletters' in version `bold'
(Font)                  OT1/cmss/m/it --> OT1/cmss/b/it on input line 45.
LaTeX Font Info:    Overwriting math alphabet `\mathrm' in version `bold'
(Font)                  OT1/cmss/b/n --> OT1/cmr/b/n on input line 45.
LaTeX Font Info:    Overwriting math alphabet `\mathbf' in version `bold'
(Font)                  OT1/cmss/b/n --> OT1/cmss/b/n on input line 45.
LaTeX Font Info:    Overwriting math alphabet `\mathsf' in version `bold'
(Font)                  OT1/cmss/m/n --> OT1/cmss/b/n on input line 45.
LaTeX Font Info:    Overwriting math alphabet `\mathit' in version `bold'
(Font)                  OT1/cmss/m/it --> OT1/cmss/b/it on input line 45.
LaTeX Font Info:    Overwriting math alphabet `\mathtt' in version `bold'
(Font)                  OT1/cmtt/m/n --> OT1/cmtt/b/n on input line 45.
LaTeX Font Info:    Redeclaring symbol font `pureletters' on input line 45.
LaTeX Font Info:    Overwriting symbol font `pureletters' in version `normal'
(Font)                  OT1/cmss/m/it --> OT1/mathkerncmss/m/sl on input line 4
5.
LaTeX Font Info:    Overwriting symbol font `pureletters' in version `bold'
(Font)                  OT1/cmss/b/it --> OT1/mathkerncmss/m/sl on input line 4
5.
LaTeX Font Info:    Overwriting symbol font `pureletters' in version `bold'
(Font)                  OT1/mathkerncmss/m/sl --> OT1/mathkerncmss/bx/sl on inp
ut line 45.

(D:\mikTex\tex/latex/translator\translator-basic-dictionary-English.dict
Dictionary: translator-basic-dictionary, Language: English 
)
(D:\mikTex\tex/latex/translator\translator-bibliography-dictionary-English.dict
Dictionary: translator-bibliography-dictionary, Language: English 
)
(D:\mikTex\tex/latex/translator\translator-environment-dictionary-English.dict
Dictionary: translator-environment-dictionary, Language: English 
) (D:\mikTex\tex/latex/translator\translator-months-dictionary-English.dict
Dictionary: translator-months-dictionary, Language: English 
)
(D:\mikTex\tex/latex/translator\translator-numbers-dictionary-English.dict
Dictionary: translator-numbers-dictionary, Language: English 
)
(D:\mikTex\tex/latex/translator\translator-theorem-dictionary-English.dict
Dictionary: translator-theorem-dictionary, Language: English 
)
LaTeX Info: Redefining \th on input line 45.

(preza.nav)

[1{C:/Users/Clown/AppData/Local/MiKTeX/fonts/map/pdftex/pdftex.map}

]
Overfull \hbox (69.63393pt too wide) in paragraph at lines 52--52
\T2A/cmss/m/n/12 https://drive.google.com/drive/folders/1EXT7La5MnyfdQ7618N8fT-
 
 []



[2

]
LaTeX Font Info:    Trying to load font information for U+msa on input line 61.

 (D:\mikTex\tex/latex/amsfonts\umsa.fd
File: umsa.fd 2013/01/14 v3.01 AMS symbols A
)
LaTeX Font Info:    Trying to load font information for U+msb on input line 61.


(D:\mikTex\tex/latex/amsfonts\umsb.fd
File: umsb.fd 2013/01/14 v3.01 AMS symbols B
)
LaTeX Font Info:    Trying to load font information for OT1+mathkerncmss on inp
ut line 61.

(D:\mikTex\tex/latex/sansmathaccent\ot1mathkerncmss.fd
File: ot1mathkerncmss.fd 2020/01/31 Fontinst v1.933 font definitions for OT1/ma
thkerncmss.
)

[3

]
Overfull \hbox (75.20094pt too wide) detected at line 70
\OT1/mathkerncmss/m/sl/12 I \OT1/cmss/m/n/12 = [] [] \OMS/cmsy/m/n/12 ^^C [] \O
T1/cmss/m/n/12 = [] [] \OMS/cmsy/m/n/12 ^^C [] \OT1/cmss/m/n/12 = [] \OMS/cmsy/
m/n/12 ^^@\OT1/cmss/m/n/12 (\OT1/mathkerncmss/m/sl/12 e[] \OMS/cmsy/m/n/12 ^^@ 
\OT1/cmss/m/n/12 1) = []
 []



[4

]

[5

]

[6

]
<left_10.png, id=75, 422.7795pt x 322.20375pt>
File: left_10.png Graphic file (type png)
<use left_10.png>
Package pdftex.def Info: left_10.png  used on input line 86.
(pdftex.def)             Requested size: 284.54456pt x 199.17429pt.

Overfull \hbox (13.71878pt too wide) in paragraph at lines 86--86
[][]  
 []



[7

 <./left_10.png>]

[8

]
<right_100.png, id=90, 973.83826pt x 536.0025pt>
File: right_100.png Graphic file (type png)
<use right_100.png>
Package pdftex.def Info: right_100.png  used on input line 102.
(pdftex.def)             Requested size: 284.53078pt x 170.7146pt.

Overfull \hbox (13.705pt too wide) in paragraph at lines 102--102
[][]  
 []



[9

 <./right_100.png>]

[10

]
<trap_10.png, id=102, 426.393pt x 324.0105pt>
File: trap_10.png Graphic file (type png)
<use trap_10.png>
Package pdftex.def Info: trap_10.png  used on input line 111.
(pdftex.def)             Requested size: 284.53673pt x 199.1738pt.

Overfull \hbox (13.71095pt too wide) in paragraph at lines 111--111
[][]  
 []



[11

 <./trap_10.png>]

[12

]
<middle_200.png, id=114, 461.92575pt x 332.442pt>
File: middle_200.png Graphic file (type png)
<use middle_200.png>
Package pdftex.def Info: middle_200.png  used on input line 125.
(pdftex.def)             Requested size: 284.53728pt x 199.16743pt.

Overfull \hbox (13.7115pt too wide) in paragraph at lines 125--125
[][]  
 []



[13

 <./middle_200.png>]

[14

]

[15

]
Overfull \hbox (31.13435pt too wide) detected at line 155
[] []\OT1/cmss/m/n/12 (\OT1/mathkerncmss/m/sl/12 k \OMS/cmsy/m/n/12 ^^A \OML/cm
m/m/it/12 \OT1/cmss/m/n/12 ) = [] \OMS/cmsy/m/n/12 ^^A []\OT1/cmss/m/n/12 ([])
\OML/cmm/m/it/12 ; [] []\OT1/cmss/m/n/12 (\OML/cmm/m/it/12 =\OT1/cmss/m/n/12 2
) \OMS/cmsy/m/n/12 6\OT1/cmss/m/n/12 = 0\OML/cmm/m/it/12 :
 []



[16]

[17]

[18]
<left_n10.png, id=147, 547.2947pt x 347.79938pt>
File: left_n10.png Graphic file (type png)
<use left_n10.png>
Package pdftex.def Info: left_n10.png  used on input line 186.
(pdftex.def)             Requested size: 162.49712pt x 103.26329pt.
<left_half.png, id=148, 523.9575pt x 346.29375pt>
File: left_half.png Graphic file (type png)
<use left_half.png>
Package pdftex.def Info: left_half.png  used on input line 196.
(pdftex.def)             Requested size: 162.49712pt x 107.3975pt.

Underfull \vbox (badness 10000) has occurred while \output is active []



[19 <./left_n10.png>]

[20 <./left_half.png>]
<right_n100.png, id=162, 537.50812pt x 344.03531pt>
File: right_n100.png Graphic file (type png)
<use right_n100.png>
Package pdftex.def Info: right_n100.png  used on input line 211.
(pdftex.def)             Requested size: 162.49712pt x 104.00406pt.
<right_half.png, id=163, 517.935pt x 344.03531pt>
File: right_half.png Graphic file (type png)
<use right_half.png>
Package pdftex.def Info: right_half.png  used on input line 219.
(pdftex.def)             Requested size: 162.49712pt x 107.93597pt.

Underfull \vbox (badness 10000) has occurred while \output is active []



[21 <./right_n100.png>]

[22 <./right_half.png>]
<mid_n10.png, id=176, 539.01375pt x 347.79938pt>
File: mid_n10.png Graphic file (type png)
<use mid_n10.png>
Package pdftex.def Info: mid_n10.png  used on input line 232.
(pdftex.def)             Requested size: 162.49712pt x 104.85008pt.
<mid_half.png, id=177, 526.96875pt x 348.55219pt>
File: mid_half.png Graphic file (type png)
<use mid_half.png>
Package pdftex.def Info: mid_half.png  used on input line 241.
(pdftex.def)             Requested size: 162.49712pt x 107.48097pt.

Underfull \vbox (badness 10000) has occurred while \output is active []



[23 <./mid_n10.png>]

[24 <./mid_half.png>]
<trap_n10.png, id=190, 542.025pt x 351.56343pt>
File: trap_n10.png Graphic file (type png)
<use trap_n10.png>
Package pdftex.def Info: trap_n10.png  used on input line 255.
(pdftex.def)             Requested size: 189.57721pt x 122.96321pt.
<trap_half.png, id=191, 524.71031pt x 346.29375pt>
File: trap_half.png Graphic file (type png)
<use trap_half.png>
Package pdftex.def Info: trap_half.png  used on input line 263.
(pdftex.def)             Requested size: 189.57721pt x 125.11479pt.

Underfull \vbox (badness 10000) has occurred while \output is active []



[25 <./trap_n10.png>]

[26 <./trap_half.png>]

[27]

[28]
Overfull \hbox (44.02303pt too wide) detected at line 299
[] [] [] \OMS/cmsy/m/n/12 ^^A [] ^^A []\OT1/mathkerncmss/m/sl/12 cos[][][][] \O
MS/cmsy/m/n/12 ^^@ [] \OT1/cmss/m/n/12 + [] \OMS/cmsy/m/n/12 ^^@ []\OT1/cmss/m/
n/12 +
 []



[29]
Overfull \hbox (26.14243pt too wide) detected at line 307
\OT1/cmss/m/n/12 = [] [][][][] = [] [] \OMS/cmsy/m/n/12 ^^A [] \OT1/cmss/m/n/12
 =
 []



[30]

[31]
<Sin_left.png, id=232, 599.23875pt x 450.18187pt>
File: Sin_left.png Graphic file (type png)
<use Sin_left.png>
Package pdftex.def Info: Sin_left.png  used on input line 324.
(pdftex.def)             Requested size: 135.41289pt x 101.72618pt.


[32 <./Sin_left.png>]
Overfull \hbox (61.02985pt too wide) detected at line 332
\OMS/cmsy/m/n/12 j\OT1/mathkerncmss/m/sl/12 S[] \OMS/cmsy/m/n/12 ^^@ \OT1/mathk
erncmss/m/sl/12 S[]\OMS/cmsy/m/n/12 j \OT1/cmss/m/n/12 = 0\OML/cmm/m/it/12 ; \O
T1/cmss/m/n/12 0046101 \OML/cmm/m/it/12 < \OT1/cmss/m/n/12 0\OML/cmm/m/it/12 ; 
\OT1/cmss/m/n/12 15 \OML/cmm/m/it/12 < \OT1/mathkerncmss/m/sl/12 R[]  \OT1/cmss
/m/n/12 =[]\OMS/cmsy/m/n/12 )  []
 []



[33]
<Sin_right.png, id=245, 587.94656pt x 450.18187pt>
File: Sin_right.png Graphic file (type png)
<use Sin_right.png>
Package pdftex.def Info: Sin_right.png  used on input line 335.
(pdftex.def)             Requested size: 135.41289pt x 103.6839pt.


[34 <./Sin_right.png>]
Overfull \hbox (74.65472pt too wide) detected at line 343
\OMS/cmsy/m/n/12 j\OT1/mathkerncmss/m/sl/12 S[] \OMS/cmsy/m/n/12 ^^@ \OT1/mathk
erncmss/m/sl/12 S[]\OMS/cmsy/m/n/12 j \OT1/cmss/m/n/12 = 0\OML/cmm/m/it/12 :\OT
1/cmss/m/n/12 007250304 \OML/cmm/m/it/12 < \OT1/cmss/m/n/12 0\OML/cmm/m/it/12 :
\OT1/cmss/m/n/12 008 \OML/cmm/m/it/12 < \OT1/mathkerncmss/m/sl/12 R[]  \OT1/cms
s/m/n/12 =[]\OMS/cmsy/m/n/12 )  []
 []



[35]
<Sin_middle.png, id=257, 599.99156pt x 444.15938pt>
File: Sin_middle.png Graphic file (type png)
<use Sin_middle.png>
Package pdftex.def Info: Sin_middle.png  used on input line 346.
(pdftex.def)             Requested size: 135.41289pt x 100.2433pt.


[36 <./Sin_middle.png>]
Overfull \hbox (73.21033pt too wide) detected at line 354
\OMS/cmsy/m/n/12 j\OT1/mathkerncmss/m/sl/12 S[] \OMS/cmsy/m/n/12 ^^@ \OT1/mathk
erncmss/m/sl/12 S[]\OMS/cmsy/m/n/12 j \OT1/cmss/m/n/12 = 0\OML/cmm/m/it/12 :\OT
1/cmss/m/n/12 0009204788209587 \OML/cmm/m/it/12 < \OT1/mathkerncmss/m/sl/12 R[]
  \OT1/cmss/m/n/12 =[]\OMS/cmsy/m/n/12 )  []
 []



[37]
<Sin_trap.png, id=270, 601.4972pt x 443.40656pt>
File: Sin_trap.png Graphic file (type png)
<use Sin_trap.png>
Package pdftex.def Info: Sin_trap.png  used on input line 357.
(pdftex.def)             Requested size: 135.41289pt x 99.82306pt.


[38 <./Sin_trap.png>]
Overfull \hbox (32.08575pt too wide) detected at line 365
\OMS/cmsy/m/n/12 j\OT1/mathkerncmss/m/sl/12 S[] \OMS/cmsy/m/n/12 ^^@ \OT1/mathk
erncmss/m/sl/12 S[]\OMS/cmsy/m/n/12 j \OT1/cmss/m/n/12 = 0\OML/cmm/m/it/12 :\OT
1/cmss/m/n/12 003174771 \OML/cmm/m/it/12 < \OT1/mathkerncmss/m/sl/12 R[]  \OT1/
cmss/m/n/12 =[]\OMS/cmsy/m/n/12 )  []
 []



[39]

[40]

[41]
<Погрешности.png, id=292, 1305.37688pt x 885.3075pt>
File: Погрешности.png Graphic file (type png)
<use Погрешности.png>
Package pdftex.def Info: Погрешности.png  used on input line 388.
(pdftex.def)             Requested size: 256.07123pt x 199.15857pt.


[42 <./Погрешности.png>]

[43]
Overfull \hbox (35.71828pt too wide) detected at line 406
[] [] \OT1/cmss/m/n/12 = [] [] =
 []


Overfull \hbox (3.83188pt too wide) detected at line 407
\OT1/cmss/m/n/12 1 + [] [] + [] [] = 1 + 1 + [] = 2[] = []
 []



[44]

[45]
<Правые прямоугольники.png, id=315, 1226.33156pt x 690.3290
6pt>
File: Правые прямоугольники.png Graphic file (type png)
<use Правые прямоугольники.png>
Package pdftex.def Info: Правые прямоугольники.png  used on
 input line 423.
(pdftex.def)             Requested size: 256.07767pt x 199.16855pt.
<Левые прямоугольники.png, id=316, 1218.80344pt x 670.75594p
t>
File: Левые прямоугольники.png Graphic file (type png)
<use Левые прямоугольники.png>
Package pdftex.def Info: Левые прямоугольники.png  used on i
nput line 425.
(pdftex.def)             Requested size: 256.06786pt x 199.16087pt.
<Средние прямоугольники.png, id=317, 1266.23062pt x 666.99
188pt>
File: Средние прямоугольники.png Graphic file (type png)
<use Средние прямоугольники.png>
Package pdftex.def Info: Средние прямоугольники.png  used 
on input line 427.
(pdftex.def)             Requested size: 256.06252pt x 199.16278pt.
<Трапеции.png, id=318, 1240.635pt x 676.02562pt>
File: Трапеции.png Graphic file (type png)
<use Трапеции.png>
Package pdftex.def Info: Трапеции.png  used on input line 429.
(pdftex.def)             Requested size: 256.07343pt x 199.16794pt.

Underfull \vbox (badness 10000) has occurred while \output is active []



[46 <./Правые прямоугольники.png>]
Underfull \vbox (badness 10000) has occurred while \output is active []



[47 <./Левые прямоугольники.png>]
Underfull \vbox (badness 10000) has occurred while \output is active []



[48 <./Средние прямоугольники.png>]

[49 <./Трапеции.png>]

[50]
Overfull \hbox (3.87694pt too wide) detected at line 455
[] \OMS/cmsy/m/n/12 ^^T [] j\OT1/mathkerncmss/m/sl/12 f[]\OT1/cmss/m/n/12 (\OT1
/mathkerncmss/m/sl/12 x\OT1/cmss/m/n/12 )\OMS/cmsy/m/n/12 j []\OT1/cmss/m/n/12 
(\OT1/mathkerncmss/m/sl/12 x \OMS/cmsy/m/n/12 ^^@ \OT1/mathkerncmss/m/sl/12 x[]
\OT1/cmss/m/n/12 )\OT1/mathkerncmss/m/sl/12 dx
 []



[51]
Overfull \hbox (52.7665pt too wide) detected at line 458
[] \OMS/cmsy/m/n/12 j\OT1/mathkerncmss/m/sl/12 f[]\OT1/cmss/m/n/12 (\OT1/mathke
rncmss/m/sl/12 x\OT1/cmss/m/n/12 )\OMS/cmsy/m/n/12 j []\OT1/cmss/m/n/12 (\OT1/m
athkerncmss/m/sl/12 x \OMS/cmsy/m/n/12 ^^@ \OT1/mathkerncmss/m/sl/12 x[]\OT1/cm
ss/m/n/12 )\OT1/mathkerncmss/m/sl/12 dx \OT1/cmss/m/n/12 = [] \OMS/cmsy/m/n/12 
j\OT1/mathkerncmss/m/sl/12 f[]\OT1/cmss/m/n/12 (\OT1/mathkerncmss/m/sl/12 x\OT1
/cmss/m/n/12 )\OMS/cmsy/m/n/12 j []\OT1/cmss/m/n/12 (\OT1/mathkerncmss/m/sl/12 
x \OMS/cmsy/m/n/12 ^^@ \OT1/mathkerncmss/m/sl/12 x[]\OT1/cmss/m/n/12 )\OT1/math
kerncmss/m/sl/12 d\OT1/cmss/m/n/12 (\OT1/mathkerncmss/m/sl/12 x \OMS/cmsy/m/n/1
2 ^^@ \OT1/mathkerncmss/m/sl/12 x[]\OT1/cmss/m/n/12 ) =
 []


Overfull \hbox (3.28874pt too wide) detected at line 459
\OT1/cmss/m/n/12 = [] \OMS/cmsy/m/n/12 j\OT1/mathkerncmss/m/sl/12 f[]\OT1/cmss/
m/n/12 (\OT1/mathkerncmss/m/sl/12 x\OT1/cmss/m/n/12 )\OMS/cmsy/m/n/12 j[][][] \
OT1/cmss/m/n/12 = [] [] \OMS/cmsy/m/n/12 j\OT1/mathkerncmss/m/sl/12 f[]\OT1/cms
s/m/n/12 (\OT1/mathkerncmss/m/sl/12 x\OT1/cmss/m/n/12 )\OMS/cmsy/m/n/12 j\OT1/c
mss/m/n/12 (\OT1/mathkerncmss/m/sl/12 x[] \OMS/cmsy/m/n/12 ^^@ \OT1/mathkerncms
s/m/sl/12 x[]\OT1/cmss/m/n/12 )[]
 []



[52]
Overfull \hbox (19.52365pt too wide) detected at line 462
[] \OMS/cmsy/m/n/12 ^^T [] [] [] j\OT1/mathkerncmss/m/sl/12 f[]\OT1/cmss/m/n/12
 (\OT1/mathkerncmss/m/sl/12 x\OT1/cmss/m/n/12 )\OMS/cmsy/m/n/12 j ^^T
 []



[53]

[54]

[55]
Overfull \hbox (20.1827pt too wide) detected at line 491
[] \OMS/cmsy/m/n/12 j\OT1/mathkerncmss/m/sl/12 f[]\OT1/cmss/m/n/12 (\OT1/mathke
rncmss/m/sl/12 x\OT1/cmss/m/n/12 )\OMS/cmsy/m/n/12 j []\OT1/cmss/m/n/12 (\OT1/m
athkerncmss/m/sl/12 x \OMS/cmsy/m/n/12 ^^@ \OT1/mathkerncmss/m/sl/12 x[]\OT1/cm
ss/m/n/12 )\OT1/mathkerncmss/m/sl/12 dx \OT1/cmss/m/n/12 = [] \OMS/cmsy/m/n/12 
j\OT1/mathkerncmss/m/sl/12 f[]\OT1/cmss/m/n/12 (\OT1/mathkerncmss/m/sl/12 x\OT1
/cmss/m/n/12 )\OMS/cmsy/m/n/12 j []\OT1/cmss/m/n/12 (\OT1/mathkerncmss/m/sl/12 
x \OMS/cmsy/m/n/12 ^^@ \OT1/mathkerncmss/m/sl/12 x[]\OT1/cmss/m/n/12 )\OT1/math
kerncmss/m/sl/12 d\OT1/cmss/m/n/12 (\OT1/mathkerncmss/m/sl/12 x \OMS/cmsy/m/n/1
2 ^^@ \OT1/mathkerncmss/m/sl/12 x[]\OT1/cmss/m/n/12 ) =
 []



[56]
Overfull \hbox (8.66238pt too wide) detected at line 496
[] \OMS/cmsy/m/n/12 ^^T [] [] [] j\OT1/mathkerncmss/m/sl/12 f[]\OT1/cmss/m/n/12
 (\OT1/mathkerncmss/m/sl/12 x\OT1/cmss/m/n/12 )\OMS/cmsy/m/n/12 j ^^T
 []



[57]
Overfull \hbox (47.57263pt too wide) detected at line 511
[] \OT1/mathkerncmss/m/sl/12 f\OT1/cmss/m/n/12 (\OT1/mathkerncmss/m/sl/12 x\OT1
/cmss/m/n/12 )\OT1/mathkerncmss/m/sl/12 dx \OT1/cmss/m/n/12 = [] \OT1/mathkernc
mss/m/sl/12 f\OT1/cmss/m/n/12 ([])\OT1/mathkerncmss/m/sl/12 dx \OT1/cmss/m/n/12
 + [] \OT1/mathkerncmss/m/sl/12 f[]\OT1/cmss/m/n/12 ([])(\OT1/mathkerncmss/m/sl
/12 x \OMS/cmsy/m/n/12 ^^@ []\OT1/cmss/m/n/12 )\OT1/mathkerncmss/m/sl/12 dx \OT
1/cmss/m/n/12 + [] [](\OT1/mathkerncmss/m/sl/12 x \OMS/cmsy/m/n/12 ^^@ []\OT1/c
mss/m/n/12 )[]\OT1/mathkerncmss/m/sl/12 dx
 []



[58]
Overfull \hbox (69.12932pt too wide) detected at line 519
[] \OT1/mathkerncmss/m/sl/12 f[]\OT1/cmss/m/n/12 ([])(\OT1/mathkerncmss/m/sl/12
 x \OMS/cmsy/m/n/12 ^^@ []\OT1/cmss/m/n/12 )\OT1/mathkerncmss/m/sl/12 dx \OT1/c
mss/m/n/12 = \OT1/mathkerncmss/m/sl/12 f[]\OT1/cmss/m/n/12 ([]) [](\OT1/mathker
ncmss/m/sl/12 x \OMS/cmsy/m/n/12 ^^@ []\OT1/cmss/m/n/12 )\OT1/mathkerncmss/m/sl
/12 d\OT1/cmss/m/n/12 (\OT1/mathkerncmss/m/sl/12 x \OMS/cmsy/m/n/12 ^^@ []\OT1/
cmss/m/n/12 ) = \OT1/mathkerncmss/m/sl/12 f[]\OT1/cmss/m/n/12 ([])[][][] = 0
 []



[59]

[60]

[61]

[62]
Overfull \hbox (50.31491pt too wide) detected at line 553
\OT1/mathkerncmss/m/sl/12 f\OT1/cmss/m/n/12 (\OT1/mathkerncmss/m/sl/12 x\OT1/cm
ss/m/n/12 ) = \OT1/mathkerncmss/m/sl/12 f\OT1/cmss/m/n/12 (\OT1/mathkerncmss/m/
sl/12 x[]\OT1/cmss/m/n/12 ) + [](\OT1/mathkerncmss/m/sl/12 x \OMS/cmsy/m/n/12 ^
^@ \OT1/mathkerncmss/m/sl/12 x[]\OT1/cmss/m/n/12 ) + [](\OT1/mathkerncmss/m/sl/
12 x \OMS/cmsy/m/n/12 ^^@ \OT1/mathkerncmss/m/sl/12 x[]\OT1/cmss/m/n/12 )(\OT1/
mathkerncmss/m/sl/12 x \OMS/cmsy/m/n/12 ^^@ \OT1/mathkerncmss/m/sl/12 x[]\OT1/c
mss/m/n/12 )\OML/cmm/m/it/12 ;
 []



[63]
Overfull \hbox (44.58214pt too wide) detected at line 565
[] \OT1/mathkerncmss/m/sl/12 t\OT1/cmss/m/n/12 (\OT1/mathkerncmss/m/sl/12 t \OM
S/cmsy/m/n/12 ^^@ \OT1/cmss/m/n/12 ^^A\OT1/mathkerncmss/m/sl/12 x\OT1/cmss/m/n/
12 )\OT1/mathkerncmss/m/sl/12 dt \OT1/cmss/m/n/12 = [] \OT1/mathkerncmss/m/sl/1
2 t[] \OMS/cmsy/m/n/12 ^^@ \OT1/mathkerncmss/m/sl/12 t\OT1/cmss/m/n/12 ^^A\OT1/
mathkerncmss/m/sl/12 xdt \OT1/cmss/m/n/12 = [] [][] = \OMS/cmsy/m/n/12 ^^@[]
 []



[64]

[65]

[66]

[67]
\openout2 = `part2.aux'.


No file part2.tex.

Overfull \hbox (26.1759pt too wide) in paragraph at lines 614--625
[][]  []  
 []



[68



]
<Практ_2,5.png, id=443, 1753.30031pt x 518.6878pt>
File: Практ_2,5.png Graphic file (type png)
<use Практ_2,5.png>
Package pdftex.def Info: Практ_2,5.png  used on input line 634.
(pdftex.def)             Requested size: 200.41255pt x 59.28772pt.
<Практ_5.png, id=444, 1760.07562pt x 518.6878pt>
File: Практ_5.png Graphic file (type png)
<use Практ_5.png>
Package pdftex.def Info: Практ_5.png  used on input line 635.
(pdftex.def)             Requested size: 200.41255pt x 59.0582pt.
<Практ_10.png, id=445, 1513.15312pt x 475.7775pt>
File: Практ_10.png Graphic file (type png)
<use Практ_10.png>
Package pdftex.def Info: Практ_10.png  used on input line 636.
(pdftex.def)             Requested size: 203.11932pt x 63.8642pt.
<Практ_15.png, id=446, 1781.90718pt x 991.45406pt>
File: Практ_15.png Graphic file (type png)
<use Практ_15.png>
Package pdftex.def Info: Практ_15.png  used on input line 639.
(pdftex.def)             Requested size: 200.41255pt x 111.49594pt.

Underfull \vbox (badness 10000) has occurred while \output is active []



[69 <./Практ_2,5.png> <./Практ_5.png> <./Практ_10.png>]

[70 <./Практ_15.png>]

[71]

[72]

[73]

[74]

[75]
<pendulum.png, id=489, 612.78937pt x 443.40656pt>
File: pendulum.png Graphic file (type png)
<use pendulum.png>
Package pdftex.def Info: pendulum.png  used on input line 698.
(pdftex.def)             Requested size: 203.11932pt x 146.97414pt.

Underfull \vbox (badness 10000) has occurred while \output is active []



[76]

[77 <./pendulum.png>]
<graph45.png, id=501, 430.60875pt x 432.11438pt>
File: graph45.png Graphic file (type png)
<use graph45.png>
Package pdftex.def Info: graph45.png  used on input line 705.
(pdftex.def)             Requested size: 199.17313pt x 199.17062pt.
<trajectory45.png, id=502, 668.4975pt x 461.47406pt>
File: trajectory45.png Graphic file (type png)
<use trajectory45.png>
Package pdftex.def Info: trajectory45.png  used on input line 707.
(pdftex.def)             Requested size: 284.53099pt x 227.61705pt.

Overfull \hbox (13.70522pt too wide) in paragraph at lines 707--708
[][]  
 []


Underfull \vbox (badness 10000) has occurred while \output is active []



[78 <./graph45.png>]

[79 <./trajectory45.png>]
<graph30.png, id=516, 416.30531pt x 514.17094pt>
File: graph30.png Graphic file (type png)
<use graph30.png>
Package pdftex.def Info: graph30.png  used on input line 714.
(pdftex.def)             Requested size: 199.16998pt x 199.16856pt.
<trajectory30.png, id=517, 609.77812pt x 435.87843pt>
File: trajectory30.png Graphic file (type png)
<use trajectory30.png>
Package pdftex.def Info: trajectory30.png  used on input line 716.
(pdftex.def)             Requested size: 284.53947pt x 227.62247pt.

Overfull \hbox (13.7137pt too wide) in paragraph at lines 716--717
[][]  
 []


Underfull \vbox (badness 10000) has occurred while \output is active []



[80 <./graph30.png>]

[81 <./trajectory30.png>]
<graph20.png, id=530, 438.8897pt x 533.74406pt>
File: graph20.png Graphic file (type png)
<use graph20.png>
Package pdftex.def Info: graph20.png  used on input line 723.
(pdftex.def)             Requested size: 199.17276pt x 199.16808pt.
<trajectory20.png, id=531, 589.4522pt x 423.08063pt>
File: trajectory20.png Graphic file (type png)
<use trajectory20.png>
Package pdftex.def Info: trajectory20.png  used on input line 725.
(pdftex.def)             Requested size: 284.52583pt x 227.6209pt.

Overfull \hbox (13.70006pt too wide) in paragraph at lines 725--726
[][]  
 []


Underfull \vbox (badness 10000) has occurred while \output is active []



[82 <./graph20.png>]

[83 <./trajectory20.png>]
<pendulum_approx.png, id=544, 313.17pt x 201.75375pt>
File: pendulum_approx.png Graphic file (type png)
<use pendulum_approx.png>
Package pdftex.def Info: pendulum_approx.png  used on input line 739.
(pdftex.def)             Requested size: 284.53595pt x 199.17038pt.

Overfull \hbox (13.71017pt too wide) in paragraph at lines 739--740
[][]  
 []


Underfull \vbox (badness 10000) has occurred while \output is active []



[84]

[85 <./pendulum_approx.png>]

[86]

[87]

[88]

[89]

[90]

[91]

[92]

[93]
\tf@nav=\write6
\openout6 = `preza.nav'.

\tf@toc=\write7
\openout7 = `preza.toc'.

\tf@snm=\write8
\openout8 = `preza.snm'.

 (preza.aux (part2.aux))
 ***********
LaTeX2e <2025-06-01> patch level 1
L3 programming layer <2025-10-09>
 ***********
Package rerunfilecheck Info: File `preza.out' has not changed.
(rerunfilecheck)             Checksum: CE6CF0B81DA43C28C932AA780FA4E2AF;978.
 ) 
Here is how much of TeX's memory you used:
 27133 strings out of 468079
 520997 string characters out of 5442585
 916930 words of memory out of 5000000
 55075 multiletter control sequences out of 15000+600000
 641408 words of font info for 73 fonts, out of 8000000 for 9000
 1141 hyphenation exceptions out of 8191
 128i,17n,123p,798b,1032s stack positions out of 10000i,1000n,20000p,200000b,200000s
 <C:\Users\Clown\AppData\Local\MiKTeX\fonts/pk/ljfour/jknappen/ec/dpi600\tcss
1200.pk> <C:\Users\Clown\AppData\Local\MiKTeX\fonts/pk/ljfour/lh/lh-t2a/dpi600\
lass0800.pk> <C:\Users\Clown\AppData\Local\MiKTeX\fonts/pk/ljfour/lh/lh-t2a/dpi
600\lasx1200.pk> <C:\Users\Clown\AppData\Local\MiKTeX\fonts/pk/ljfour/lh/lh-t2a
/dpi600\lass1200.pk> <C:\Users\Clown\AppData\Local\MiKTeX\fonts/pk/ljfour/lh/lh
-t2a/dpi600\lass1095.pk> <C:\Users\Clown\AppData\Local\MiKTeX\fonts/pk/ljfour/l
h/lh-t2a/dpi600\lass1440.pk> <C:\Users\Clown\AppData\Local\MiKTeX\fonts/pk/ljfo
ur/lh/lh-t2a/dpi600\lass0600.pk> <C:\Users\Clown\AppData\Local\MiKTeX\fonts/pk/
ljfour/lh/lh-t2a/dpi600\lasx0800.pk><D:/mikTex/fonts/type1/public/amsfonts/cm/c
mex10.pfb><D:/mikTex/fonts/type1/public/amsfonts/cm/cmmi12.pfb><D:/mikTex/fonts
/type1/public/amsfonts/cm/cmmi6.pfb><D:/mikTex/fonts/type1/public/amsfonts/cm/c
mmi8.pfb><D:/mikTex/fonts/type1/public/amsfonts/cm/cmss12.pfb><D:/mikTex/fonts/
type1/public/amsfonts/cm/cmss8.pfb><D:/mikTex/fonts/type1/public/amsfonts/cm/cm
ssi12.pfb><D:/mikTex/fonts/type1/public/amsfonts/cm/cmssi8.pfb><D:/mikTex/fonts
/type1/public/amsfonts/cm/cmsy10.pfb><D:/mikTex/fonts/type1/public/amsfonts/cm/
cmsy6.pfb><D:/mikTex/fonts/type1/public/amsfonts/cm/cmsy8.pfb><D:/mikTex/fonts/
type1/public/amsfonts/latxfont/line10.pfb><D:/mikTex/fonts/type1/public/amsfont
s/symbols/msam10.pfb>
Output written on preza.pdf (93 pages, 4472090 bytes).
PDF statistics:
 994 PDF objects out of 1000 (max. 8388607)
 191 named destinations out of 1000 (max. 500000)
 246 words of extra memory for PDF output out of 10000 (max. 10000000)

